{"/mnt/c/Users/Lilyan/Documents/gitHub/EcoTroc/backend/src/app.controller.ts": {"path":"/mnt/c/Users/Lilyan/Documents/gitHub/EcoTroc/backend/src/app.controller.ts","statementMap":{"0":{"start":{"line":1,"column":0},"end":{"line":1,"column":49}},"1":{"start":{"line":2,"column":0},"end":{"line":2,"column":43}},"2":{"start":{"line":5,"column":7},"end":{"line":12,"column":null}},"3":{"start":{"line":6,"column":31},"end":{"line":6,"column":43}},"4":{"start":{"line":10,"column":4},"end":{"line":10,"column":38}},"5":{"start":{"line":5,"column":13},"end":{"line":5,"column":26}},"6":{"start":{"line":9,"column":2},"end":{"line":11,"column":null}},"7":{"start":{"line":5,"column":13},"end":{"line":12,"column":null}}},"fnMap":{"0":{"name":"(anonymous_2)","decl":{"start":{"line":6,"column":2},"end":{"line":6,"column":31}},"loc":{"start":{"line":6,"column":53},"end":{"line":6,"column":57}}},"1":{"name":"(anonymous_3)","decl":{"start":{"line":9,"column":2},"end":{"line":9,"column":10}},"loc":{"start":{"line":9,"column":10},"end":{"line":11,"column":3}}}},"branchMap":{},"s":{"0":1,"1":1,"2":1,"3":1,"4":1,"5":1,"6":1,"7":1},"f":{"0":1,"1":1},"b":{}}
,"/mnt/c/Users/Lilyan/Documents/gitHub/EcoTroc/backend/src/app.module.ts": {"path":"/mnt/c/Users/Lilyan/Documents/gitHub/EcoTroc/backend/src/app.module.ts","statementMap":{"0":{"start":{"line":1,"column":0},"end":{"line":1,"column":40}},"1":{"start":{"line":2,"column":0},"end":{"line":2,"column":48}},"2":{"start":{"line":3,"column":0},"end":{"line":3,"column":49}},"3":{"start":{"line":4,"column":0},"end":{"line":4,"column":43}},"4":{"start":{"line":5,"column":0},"end":{"line":5,"column":56}},"5":{"start":{"line":6,"column":0},"end":{"line":6,"column":32}},"6":{"start":{"line":7,"column":0},"end":{"line":7,"column":56}},"7":{"start":{"line":8,"column":0},"end":{"line":8,"column":74}},"8":{"start":{"line":9,"column":0},"end":{"line":9,"column":45}},"9":{"start":{"line":11,"column":0},"end":{"line":11,"column":9}},"10":{"start":{"line":33,"column":7},"end":{"line":33,"column":null}},"11":{"start":{"line":33,"column":13},"end":{"line":33,"column":22}},"12":{"start":{"line":33,"column":13},"end":{"line":33,"column":null}}},"fnMap":{},"branchMap":{},"s":{"0":0,"1":0,"2":0,"3":0,"4":0,"5":0,"6":0,"7":0,"8":0,"9":0,"10":0,"11":0,"12":0},"f":{},"b":{}}
,"/mnt/c/Users/Lilyan/Documents/gitHub/EcoTroc/backend/src/app.service.ts": {"path":"/mnt/c/Users/Lilyan/Documents/gitHub/EcoTroc/backend/src/app.service.ts","statementMap":{"0":{"start":{"line":1,"column":0},"end":{"line":1,"column":44}},"1":{"start":{"line":4,"column":7},"end":{"line":8,"column":null}},"2":{"start":{"line":6,"column":4},"end":{"line":6,"column":26}},"3":{"start":{"line":4,"column":13},"end":{"line":4,"column":23}},"4":{"start":{"line":4,"column":13},"end":{"line":8,"column":null}}},"fnMap":{"0":{"name":"(anonymous_1)","decl":{"start":{"line":5,"column":2},"end":{"line":5,"column":10}},"loc":{"start":{"line":5,"column":10},"end":{"line":7,"column":3}}}},"branchMap":{},"s":{"0":1,"1":1,"2":1,"3":1,"4":1},"f":{"0":1},"b":{}}
,"/mnt/c/Users/Lilyan/Documents/gitHub/EcoTroc/backend/src/main.ts": {"path":"/mnt/c/Users/Lilyan/Documents/gitHub/EcoTroc/backend/src/main.ts","statementMap":{"0":{"start":{"line":1,"column":0},"end":{"line":1,"column":43}},"1":{"start":{"line":2,"column":0},"end":{"line":2,"column":41}},"2":{"start":{"line":5,"column":14},"end":{"line":5,"column":49}},"3":{"start":{"line":8,"column":2},"end":{"line":13,"column":5}},"4":{"start":{"line":15,"column":2},"end":{"line":15,"column":45}},"5":{"start":{"line":17,"column":0},"end":{"line":17,"column":12}}},"fnMap":{"0":{"name":"bootstrap","decl":{"start":{"line":4,"column":15},"end":{"line":4,"column":24}},"loc":{"start":{"line":4,"column":24},"end":{"line":16,"column":1}}}},"branchMap":{"0":{"loc":{"start":{"line":15,"column":19},"end":{"line":15,"column":43}},"type":"binary-expr","locations":[{"start":{"line":15,"column":19},"end":{"line":15,"column":35}},{"start":{"line":15,"column":39},"end":{"line":15,"column":43}}]}},"s":{"0":0,"1":0,"2":0,"3":0,"4":0,"5":0},"f":{"0":0},"b":{"0":[0,0]}}
,"/mnt/c/Users/Lilyan/Documents/gitHub/EcoTroc/backend/src/common/decorators/roles.decorator.ts": {"path":"/mnt/c/Users/Lilyan/Documents/gitHub/EcoTroc/backend/src/common/decorators/roles.decorator.ts","statementMap":{"0":{"start":{"line":1,"column":0},"end":{"line":1,"column":45}},"1":{"start":{"line":4,"column":13},"end":{"line":4,"column":33}},"2":{"start":{"line":5,"column":21},"end":{"line":6,"column":31}},"3":{"start":{"line":6,"column":2},"end":{"line":6,"column":31}},"4":{"start":{"line":5,"column":13},"end":{"line":5,"column":21}}},"fnMap":{"0":{"name":"(anonymous_0)","decl":{"start":{"line":5,"column":21},"end":{"line":5,"column":22}},"loc":{"start":{"line":6,"column":2},"end":{"line":6,"column":31}}}},"branchMap":{},"s":{"0":0,"1":0,"2":0,"3":0,"4":0},"f":{"0":0},"b":{}}
,"/mnt/c/Users/Lilyan/Documents/gitHub/EcoTroc/backend/src/common/guards/roles.guard.ts": {"path":"/mnt/c/Users/Lilyan/Documents/gitHub/EcoTroc/backend/src/common/guards/roles.guard.ts","statementMap":{"0":{"start":{"line":1,"column":0},"end":{"line":1,"column":75}},"1":{"start":{"line":2,"column":0},"end":{"line":2,"column":41}},"2":{"start":{"line":3,"column":0},"end":{"line":3,"column":58}},"3":{"start":{"line":7,"column":7},"end":{"line":20,"column":null}},"4":{"start":{"line":8,"column":22},"end":{"line":8,"column":33}},"5":{"start":{"line":11,"column":26},"end":{"line":14,"column":6}},"6":{"start":{"line":15,"column":4},"end":{"line":15,"column":36}},"7":{"start":{"line":15,"column":24},"end":{"line":15,"column":36}},"8":{"start":{"line":17,"column":21},"end":{"line":17,"column":56}},"9":{"start":{"line":18,"column":4},"end":{"line":18,"column":46}},"10":{"start":{"line":7,"column":13},"end":{"line":7,"column":23}},"11":{"start":{"line":7,"column":13},"end":{"line":20,"column":null}}},"fnMap":{"0":{"name":"(anonymous_2)","decl":{"start":{"line":8,"column":2},"end":{"line":8,"column":22}},"loc":{"start":{"line":8,"column":42},"end":{"line":8,"column":46}}},"1":{"name":"(anonymous_3)","decl":{"start":{"line":10,"column":2},"end":{"line":10,"column":13}},"loc":{"start":{"line":10,"column":39},"end":{"line":19,"column":3}}}},"branchMap":{"0":{"loc":{"start":{"line":15,"column":4},"end":{"line":15,"column":36}},"type":"if","locations":[{"start":{"line":15,"column":4},"end":{"line":15,"column":36}}]}},"s":{"0":0,"1":0,"2":0,"3":0,"4":0,"5":0,"6":0,"7":0,"8":0,"9":0,"10":0,"11":0},"f":{"0":0,"1":0},"b":{"0":[0]}}
,"/mnt/c/Users/Lilyan/Documents/gitHub/EcoTroc/backend/src/gpu/gpu.controller.ts": {"path":"/mnt/c/Users/Lilyan/Documents/gitHub/EcoTroc/backend/src/gpu/gpu.controller.ts","statementMap":{"0":{"start":{"line":1,"column":0},"end":{"line":1,"column":56}},"1":{"start":{"line":2,"column":0},"end":{"line":2,"column":43}},"2":{"start":{"line":5,"column":7},"end":{"line":43,"column":null}},"3":{"start":{"line":6,"column":31},"end":{"line":6,"column":43}},"4":{"start":{"line":10,"column":4},"end":{"line":10,"column":40}},"5":{"start":{"line":15,"column":20},"end":{"line":15,"column":35}},"6":{"start":{"line":16,"column":19},"end":{"line":16,"column":72}},"7":{"start":{"line":18,"column":4},"end":{"line":23,"column":6}},"8":{"start":{"line":28,"column":22},"end":{"line":28,"column":55}},"9":{"start":{"line":29,"column":4},"end":{"line":29,"column":48}},"10":{"start":{"line":34,"column":19},"end":{"line":34,"column":44}},"11":{"start":{"line":35,"column":23},"end":{"line":35,"column":68}},"12":{"start":{"line":37,"column":4},"end":{"line":41,"column":6}},"13":{"start":{"line":5,"column":13},"end":{"line":5,"column":26}},"14":{"start":{"line":9,"column":2},"end":{"line":11,"column":null}},"15":{"start":{"line":14,"column":2},"end":{"line":24,"column":null}},"16":{"start":{"line":27,"column":2},"end":{"line":30,"column":null}},"17":{"start":{"line":33,"column":2},"end":{"line":42,"column":null}},"18":{"start":{"line":5,"column":13},"end":{"line":43,"column":null}}},"fnMap":{"0":{"name":"(anonymous_4)","decl":{"start":{"line":6,"column":2},"end":{"line":6,"column":31}},"loc":{"start":{"line":6,"column":53},"end":{"line":6,"column":57}}},"1":{"name":"(anonymous_5)","decl":{"start":{"line":9,"column":2},"end":{"line":9,"column":6}},"loc":{"start":{"line":9,"column":6},"end":{"line":11,"column":3}}},"2":{"name":"(anonymous_6)","decl":{"start":{"line":14,"column":2},"end":{"line":14,"column":6}},"loc":{"start":{"line":14,"column":6},"end":{"line":24,"column":3}}},"3":{"name":"(anonymous_7)","decl":{"start":{"line":27,"column":2},"end":{"line":27,"column":11}},"loc":{"start":{"line":27,"column":40},"end":{"line":30,"column":3}}},"4":{"name":"(anonymous_8)","decl":{"start":{"line":33,"column":2},"end":{"line":33,"column":10}},"loc":{"start":{"line":33,"column":10},"end":{"line":42,"column":3}}}},"branchMap":{"0":{"loc":{"start":{"line":28,"column":22},"end":{"line":28,"column":55}},"type":"cond-expr","locations":[{"start":{"line":28,"column":29},"end":{"line":28,"column":47}},{"start":{"line":28,"column":50},"end":{"line":28,"column":55}}]}},"s":{"0":0,"1":0,"2":0,"3":0,"4":0,"5":0,"6":0,"7":0,"8":0,"9":0,"10":0,"11":0,"12":0,"13":0,"14":0,"15":0,"16":0,"17":0,"18":0},"f":{"0":0,"1":0,"2":0,"3":0,"4":0},"b":{"0":[0,0]}}
,"/mnt/c/Users/Lilyan/Documents/gitHub/EcoTroc/backend/src/gpu/gpu.module.ts": {"path":"/mnt/c/Users/Lilyan/Documents/gitHub/EcoTroc/backend/src/gpu/gpu.module.ts","statementMap":{"0":{"start":{"line":1,"column":0},"end":{"line":1,"column":40}},"1":{"start":{"line":2,"column":0},"end":{"line":2,"column":43}},"2":{"start":{"line":3,"column":0},"end":{"line":3,"column":49}},"3":{"start":{"line":10,"column":7},"end":{"line":10,"column":null}},"4":{"start":{"line":10,"column":13},"end":{"line":10,"column":22}},"5":{"start":{"line":10,"column":13},"end":{"line":10,"column":null}}},"fnMap":{},"branchMap":{},"s":{"0":0,"1":0,"2":0,"3":0,"4":0,"5":0},"f":{},"b":{}}
,"/mnt/c/Users/Lilyan/Documents/gitHub/EcoTroc/backend/src/gpu/gpu.service.ts": {"path":"/mnt/c/Users/Lilyan/Documents/gitHub/EcoTroc/backend/src/gpu/gpu.service.ts","statementMap":{"0":{"start":{"line":1,"column":0},"end":{"line":1,"column":52}},"1":{"start":{"line":2,"column":0},"end":{"line":2,"column":29}},"2":{"start":{"line":5,"column":23},"end":{"line":251,"column":null}},"3":{"start":{"line":6,"column":28},"end":{"line":6,"column":55}},"4":{"start":{"line":11,"column":24},"end":{"line":11,"column":46}},"5":{"start":{"line":15,"column":4},"end":{"line":43,"column":5}},"6":{"start":{"line":16,"column":6},"end":{"line":16,"column":42}},"7":{"start":{"line":17,"column":6},"end":{"line":17,"column":32}},"8":{"start":{"line":20,"column":25},"end":{"line":22,"column":23}},"9":{"start":{"line":21,"column":8},"end":{"line":21,"column":17}},"10":{"start":{"line":24,"column":6},"end":{"line":24,"column":19}},"11":{"start":{"line":26,"column":6},"end":{"line":26,"column":88}},"12":{"start":{"line":28,"column":6},"end":{"line":34,"column":7}},"13":{"start":{"line":29,"column":8},"end":{"line":29,"column":65}},"14":{"start":{"line":30,"column":13},"end":{"line":34,"column":7}},"15":{"start":{"line":31,"column":8},"end":{"line":31,"column":66}},"16":{"start":{"line":33,"column":8},"end":{"line":33,"column":78}},"17":{"start":{"line":37,"column":6},"end":{"line":37,"column":31}},"18":{"start":{"line":39,"column":6},"end":{"line":39,"column":71}},"19":{"start":{"line":40,"column":6},"end":{"line":40,"column":49}},"20":{"start":{"line":41,"column":6},"end":{"line":41,"column":42}},"21":{"start":{"line":42,"column":6},"end":{"line":42,"column":24}},"22":{"start":{"line":50,"column":4},"end":{"line":50,"column":49}},"23":{"start":{"line":53,"column":4},"end":{"line":55,"column":8}},"24":{"start":{"line":54,"column":6},"end":{"line":54,"column":45}},"25":{"start":{"line":58,"column":4},"end":{"line":61,"column":8}},"26":{"start":{"line":59,"column":20},"end":{"line":59,"column":41}},"27":{"start":{"line":60,"column":6},"end":{"line":60,"column":46}},"28":{"start":{"line":64,"column":4},"end":{"line":66,"column":8}},"29":{"start":{"line":65,"column":6},"end":{"line":65,"column":64}},"30":{"start":{"line":69,"column":4},"end":{"line":71,"column":8}},"31":{"start":{"line":70,"column":6},"end":{"line":70,"column":64}},"32":{"start":{"line":73,"column":4},"end":{"line":73,"column":73}},"33":{"start":{"line":85,"column":4},"end":{"line":87,"column":5}},"34":{"start":{"line":86,"column":6},"end":{"line":86,"column":46}},"35":{"start":{"line":86,"column":30},"end":{"line":86,"column":44}},"36":{"start":{"line":90,"column":21},"end":{"line":90,"column":49}},"37":{"start":{"line":91,"column":17},"end":{"line":91,"column":47}},"38":{"start":{"line":93,"column":4},"end":{"line":98,"column":5}},"39":{"start":{"line":94,"column":6},"end":{"line":96,"column":37}},"40":{"start":{"line":95,"column":8},"end":{"line":95,"column":47}},"41":{"start":{"line":97,"column":6},"end":{"line":97,"column":45}},"42":{"start":{"line":100,"column":4},"end":{"line":100,"column":67}},"43":{"start":{"line":108,"column":4},"end":{"line":110,"column":5}},"44":{"start":{"line":109,"column":6},"end":{"line":109,"column":62}},"45":{"start":{"line":109,"column":29},"end":{"line":109,"column":60}},"46":{"start":{"line":113,"column":21},"end":{"line":113,"column":48}},"47":{"start":{"line":114,"column":17},"end":{"line":114,"column":47}},"48":{"start":{"line":116,"column":4},"end":{"line":122,"column":5}},"49":{"start":{"line":117,"column":6},"end":{"line":120,"column":36}},"50":{"start":{"line":118,"column":22},"end":{"line":118,"column":43}},"51":{"start":{"line":119,"column":8},"end":{"line":119,"column":48}},"52":{"start":{"line":121,"column":6},"end":{"line":121,"column":45}},"53":{"start":{"line":124,"column":4},"end":{"line":124,"column":71}},"54":{"start":{"line":134,"column":4},"end":{"line":136,"column":5}},"55":{"start":{"line":135,"column":6},"end":{"line":135,"column":58}},"56":{"start":{"line":139,"column":4},"end":{"line":141,"column":5}},"57":{"start":{"line":140,"column":6},"end":{"line":140,"column":62}},"58":{"start":{"line":140,"column":45},"end":{"line":140,"column":60}},"59":{"start":{"line":144,"column":21},"end":{"line":144,"column":63}},"60":{"start":{"line":145,"column":17},"end":{"line":145,"column":47}},"61":{"start":{"line":147,"column":4},"end":{"line":152,"column":5}},"62":{"start":{"line":148,"column":6},"end":{"line":150,"column":46}},"63":{"start":{"line":149,"column":8},"end":{"line":149,"column":66}},"64":{"start":{"line":151,"column":6},"end":{"line":151,"column":45}},"65":{"start":{"line":154,"column":4},"end":{"line":154,"column":73}},"66":{"start":{"line":164,"column":17},"end":{"line":164,"column":31}},"67":{"start":{"line":166,"column":19},"end":{"line":185,"column":30}},"68":{"start":{"line":168,"column":25},"end":{"line":168,"column":26}},"69":{"start":{"line":169,"column":20},"end":{"line":169,"column":21}},"70":{"start":{"line":170,"column":20},"end":{"line":170,"column":21}},"71":{"start":{"line":173,"column":8},"end":{"line":179,"column":9}},"72":{"start":{"line":173,"column":21},"end":{"line":173,"column":22}},"73":{"start":{"line":174,"column":20},"end":{"line":174,"column":45}},"74":{"start":{"line":175,"column":20},"end":{"line":175,"column":45}},"75":{"start":{"line":176,"column":10},"end":{"line":176,"column":30}},"76":{"start":{"line":177,"column":10},"end":{"line":177,"column":25}},"77":{"start":{"line":178,"column":10},"end":{"line":178,"column":25}},"78":{"start":{"line":181,"column":28},"end":{"line":181,"column":63}},"79":{"start":{"line":182,"column":8},"end":{"line":182,"column":40}},"80":{"start":{"line":182,"column":31},"end":{"line":182,"column":40}},"81":{"start":{"line":183,"column":8},"end":{"line":183,"column":40}},"82":{"start":{"line":187,"column":4},"end":{"line":187,"column":41}},"83":{"start":{"line":194,"column":26},"end":{"line":194,"column":96}},"84":{"start":{"line":195,"column":4},"end":{"line":198,"column":6}},"85":{"start":{"line":205,"column":17},"end":{"line":205,"column":62}},"86":{"start":{"line":205,"column":56},"end":{"line":205,"column":61}},"87":{"start":{"line":208,"column":21},"end":{"line":208,"column":38}},"88":{"start":{"line":211,"column":21},"end":{"line":211,"column":40}},"89":{"start":{"line":212,"column":17},"end":{"line":212,"column":47}},"90":{"start":{"line":214,"column":4},"end":{"line":219,"column":5}},"91":{"start":{"line":215,"column":6},"end":{"line":217,"column":27}},"92":{"start":{"line":216,"column":8},"end":{"line":216,"column":66}},"93":{"start":{"line":218,"column":6},"end":{"line":218,"column":45}},"94":{"start":{"line":221,"column":4},"end":{"line":221,"column":17}},"95":{"start":{"line":222,"column":20},"end":{"line":222,"column":60}},"96":{"start":{"line":225,"column":20},"end":{"line":225,"column":37}},"97":{"start":{"line":226,"column":4},"end":{"line":226,"column":42}},"98":{"start":{"line":226,"column":20},"end":{"line":226,"column":40}},"99":{"start":{"line":227,"column":19},"end":{"line":227,"column":58}},"100":{"start":{"line":229,"column":20},"end":{"line":229,"column":85}},"101":{"start":{"line":230,"column":19},"end":{"line":230,"column":58}},"102":{"start":{"line":232,"column":4},"end":{"line":234,"column":6}},"103":{"start":{"line":236,"column":4},"end":{"line":241,"column":6}},"104":{"start":{"line":248,"column":4},"end":{"line":248,"column":23}},"105":{"start":{"line":249,"column":4},"end":{"line":249,"column":45}},"106":{"start":{"line":5,"column":13},"end":{"line":5,"column":23}},"107":{"start":{"line":5,"column":13},"end":{"line":251,"column":null}}},"fnMap":{"0":{"name":"(anonymous_2)","decl":{"start":{"line":13,"column":2},"end":{"line":13,"column":null}},"loc":{"start":{"line":13,"column":2},"end":{"line":44,"column":3}}},"1":{"name":"(anonymous_3)","decl":{"start":{"line":20,"column":47},"end":{"line":20,"column":null}},"loc":{"start":{"line":20,"column":47},"end":{"line":22,"column":7}}},"2":{"name":"(anonymous_4)","decl":{"start":{"line":49,"column":10},"end":{"line":49,"column":27}},"loc":{"start":{"line":49,"column":27},"end":{"line":74,"column":3}}},"3":{"name":"(anonymous_5)","decl":{"start":{"line":53,"column":59},"end":{"line":53,"column":68}},"loc":{"start":{"line":53,"column":101},"end":{"line":55,"column":5}}},"4":{"name":"(anonymous_6)","decl":{"start":{"line":58,"column":59},"end":{"line":58,"column":68}},"loc":{"start":{"line":58,"column":102},"end":{"line":61,"column":5}}},"5":{"name":"(anonymous_7)","decl":{"start":{"line":64,"column":64},"end":{"line":64,"column":73}},"loc":{"start":{"line":64,"column":112},"end":{"line":66,"column":5}}},"6":{"name":"(anonymous_8)","decl":{"start":{"line":69,"column":60},"end":{"line":69,"column":69}},"loc":{"start":{"line":69,"column":80},"end":{"line":71,"column":5}}},"7":{"name":"(anonymous_9)","decl":{"start":{"line":80,"column":2},"end":{"line":80,"column":26}},"loc":{"start":{"line":82,"column":27},"end":{"line":101,"column":3}}},"8":{"name":"(anonymous_10)","decl":{"start":{"line":86,"column":25},"end":{"line":86,"column":26}},"loc":{"start":{"line":86,"column":30},"end":{"line":86,"column":44}}},"9":{"name":"(anonymous_11)","decl":{"start":{"line":94,"column":37},"end":{"line":94,"column":46}},"loc":{"start":{"line":94,"column":79},"end":{"line":96,"column":7}}},"10":{"name":"(anonymous_12)","decl":{"start":{"line":106,"column":2},"end":{"line":106,"column":19}},"loc":{"start":{"line":106,"column":61},"end":{"line":125,"column":3}}},"11":{"name":"(anonymous_13)","decl":{"start":{"line":109,"column":24},"end":{"line":109,"column":25}},"loc":{"start":{"line":109,"column":29},"end":{"line":109,"column":60}}},"12":{"name":"(anonymous_14)","decl":{"start":{"line":117,"column":37},"end":{"line":117,"column":46}},"loc":{"start":{"line":117,"column":80},"end":{"line":120,"column":7}}},"13":{"name":"(anonymous_15)","decl":{"start":{"line":130,"column":2},"end":{"line":130,"column":30}},"loc":{"start":{"line":132,"column":21},"end":{"line":155,"column":3}}},"14":{"name":"(anonymous_16)","decl":{"start":{"line":140,"column":34},"end":{"line":140,"column":35}},"loc":{"start":{"line":140,"column":45},"end":{"line":140,"column":60}}},"15":{"name":"(anonymous_17)","decl":{"start":{"line":148,"column":37},"end":{"line":148,"column":46}},"loc":{"start":{"line":148,"column":85},"end":{"line":150,"column":7}}},"16":{"name":"(anonymous_18)","decl":{"start":{"line":161,"column":2},"end":{"line":161,"column":27}},"loc":{"start":{"line":162,"column":23},"end":{"line":188,"column":3}}},"17":{"name":"(anonymous_19)","decl":{"start":{"line":167,"column":20},"end":{"line":167,"column":30}},"loc":{"start":{"line":167,"column":49},"end":{"line":184,"column":7}}},"18":{"name":"(anonymous_20)","decl":{"start":{"line":193,"column":2},"end":{"line":193,"column":12}},"loc":{"start":{"line":193,"column":12},"end":{"line":199,"column":3}}},"19":{"name":"(anonymous_21)","decl":{"start":{"line":204,"column":2},"end":{"line":204,"column":11}},"loc":{"start":{"line":204,"column":32},"end":{"line":242,"column":3}}},"20":{"name":"(anonymous_22)","decl":{"start":{"line":205,"column":46},"end":{"line":205,"column":47}},"loc":{"start":{"line":205,"column":56},"end":{"line":205,"column":61}}},"21":{"name":"(anonymous_23)","decl":{"start":{"line":215,"column":37},"end":{"line":215,"column":46}},"loc":{"start":{"line":215,"column":57},"end":{"line":217,"column":7}}},"22":{"name":"(anonymous_24)","decl":{"start":{"line":226,"column":13},"end":{"line":226,"column":14}},"loc":{"start":{"line":226,"column":20},"end":{"line":226,"column":40}}},"23":{"name":"(anonymous_25)","decl":{"start":{"line":247,"column":2},"end":{"line":247,"column":17}},"loc":{"start":{"line":247,"column":17},"end":{"line":250,"column":3}}}},"branchMap":{"0":{"loc":{"start":{"line":28,"column":6},"end":{"line":34,"column":7}},"type":"if","locations":[{"start":{"line":28,"column":6},"end":{"line":34,"column":7}},{"start":{"line":30,"column":13},"end":{"line":34,"column":7}}]},"1":{"loc":{"start":{"line":30,"column":13},"end":{"line":34,"column":7}},"type":"if","locations":[{"start":{"line":30,"column":13},"end":{"line":34,"column":7}},{"start":{"line":32,"column":13},"end":{"line":34,"column":7}}]},"2":{"loc":{"start":{"line":82,"column":4},"end":{"line":82,"column":27}},"type":"default-arg","locations":[{"start":{"line":82,"column":25},"end":{"line":82,"column":27}}]},"3":{"loc":{"start":{"line":85,"column":4},"end":{"line":87,"column":5}},"type":"if","locations":[{"start":{"line":85,"column":4},"end":{"line":87,"column":5}}]},"4":{"loc":{"start":{"line":93,"column":4},"end":{"line":98,"column":5}},"type":"if","locations":[{"start":{"line":93,"column":4},"end":{"line":98,"column":5}}]},"5":{"loc":{"start":{"line":108,"column":4},"end":{"line":110,"column":5}},"type":"if","locations":[{"start":{"line":108,"column":4},"end":{"line":110,"column":5}}]},"6":{"loc":{"start":{"line":116,"column":4},"end":{"line":122,"column":5}},"type":"if","locations":[{"start":{"line":116,"column":4},"end":{"line":122,"column":5}}]},"7":{"loc":{"start":{"line":134,"column":4},"end":{"line":136,"column":5}},"type":"if","locations":[{"start":{"line":134,"column":4},"end":{"line":136,"column":5}}]},"8":{"loc":{"start":{"line":139,"column":4},"end":{"line":141,"column":5}},"type":"if","locations":[{"start":{"line":139,"column":4},"end":{"line":141,"column":5}}]},"9":{"loc":{"start":{"line":147,"column":4},"end":{"line":152,"column":5}},"type":"if","locations":[{"start":{"line":147,"column":4},"end":{"line":152,"column":5}}]},"10":{"loc":{"start":{"line":182,"column":8},"end":{"line":182,"column":40}},"type":"if","locations":[{"start":{"line":182,"column":8},"end":{"line":182,"column":40}}]},"11":{"loc":{"start":{"line":194,"column":26},"end":{"line":194,"column":96}},"type":"binary-expr","locations":[{"start":{"line":194,"column":26},"end":{"line":194,"column":45}},{"start":{"line":194,"column":49},"end":{"line":194,"column":70}},{"start":{"line":194,"column":74},"end":{"line":194,"column":96}}]},"12":{"loc":{"start":{"line":204,"column":12},"end":{"line":204,"column":32}},"type":"default-arg","locations":[{"start":{"line":204,"column":27},"end":{"line":204,"column":32}}]},"13":{"loc":{"start":{"line":214,"column":4},"end":{"line":219,"column":5}},"type":"if","locations":[{"start":{"line":214,"column":4},"end":{"line":219,"column":5}}]},"14":{"loc":{"start":{"line":229,"column":20},"end":{"line":229,"column":85}},"type":"cond-expr","locations":[{"start":{"line":229,"column":48},"end":{"line":229,"column":77}},{"start":{"line":229,"column":80},"end":{"line":229,"column":85}}]},"15":{"loc":{"start":{"line":229,"column":20},"end":{"line":229,"column":45}},"type":"binary-expr","locations":[{"start":{"line":229,"column":20},"end":{"line":229,"column":30}},{"start":{"line":229,"column":34},"end":{"line":229,"column":45}}]},"16":{"loc":{"start":{"line":230,"column":19},"end":{"line":230,"column":58}},"type":"cond-expr","locations":[{"start":{"line":230,"column":38},"end":{"line":230,"column":43}},{"start":{"line":230,"column":46},"end":{"line":230,"column":58}}]}},"s":{"0":0,"1":0,"2":0,"3":0,"4":0,"5":0,"6":0,"7":0,"8":0,"9":0,"10":0,"11":0,"12":0,"13":0,"14":0,"15":0,"16":0,"17":0,"18":0,"19":0,"20":0,"21":0,"22":0,"23":0,"24":0,"25":0,"26":0,"27":0,"28":0,"29":0,"30":0,"31":0,"32":0,"33":0,"34":0,"35":0,"36":0,"37":0,"38":0,"39":0,"40":0,"41":0,"42":0,"43":0,"44":0,"45":0,"46":0,"47":0,"48":0,"49":0,"50":0,"51":0,"52":0,"53":0,"54":0,"55":0,"56":0,"57":0,"58":0,"59":0,"60":0,"61":0,"62":0,"63":0,"64":0,"65":0,"66":0,"67":0,"68":0,"69":0,"70":0,"71":0,"72":0,"73":0,"74":0,"75":0,"76":0,"77":0,"78":0,"79":0,"80":0,"81":0,"82":0,"83":0,"84":0,"85":0,"86":0,"87":0,"88":0,"89":0,"90":0,"91":0,"92":0,"93":0,"94":0,"95":0,"96":0,"97":0,"98":0,"99":0,"100":0,"101":0,"102":0,"103":0,"104":0,"105":0,"106":0,"107":0},"f":{"0":0,"1":0,"2":0,"3":0,"4":0,"5":0,"6":0,"7":0,"8":0,"9":0,"10":0,"11":0,"12":0,"13":0,"14":0,"15":0,"16":0,"17":0,"18":0,"19":0,"20":0,"21":0,"22":0,"23":0},"b":{"0":[0,0],"1":[0,0],"2":[0],"3":[0],"4":[0],"5":[0],"6":[0],"7":[0],"8":[0],"9":[0],"10":[0],"11":[0,0,0],"12":[0],"13":[0],"14":[0,0],"15":[0,0],"16":[0,0]}}
,"/mnt/c/Users/Lilyan/Documents/gitHub/EcoTroc/backend/src/modules/auth/auth.module.ts": {"path":"/mnt/c/Users/Lilyan/Documents/gitHub/EcoTroc/backend/src/modules/auth/auth.module.ts","statementMap":{"0":{"start":{"line":1,"column":0},"end":{"line":1,"column":40}},"1":{"start":{"line":2,"column":0},"end":{"line":2,"column":40}},"2":{"start":{"line":3,"column":0},"end":{"line":3,"column":50}},"3":{"start":{"line":4,"column":0},"end":{"line":4,"column":48}},"4":{"start":{"line":5,"column":0},"end":{"line":5,"column":75}},"5":{"start":{"line":6,"column":0},"end":{"line":6,"column":85}},"6":{"start":{"line":7,"column":0},"end":{"line":7,"column":73}},"7":{"start":{"line":8,"column":0},"end":{"line":8,"column":71}},"8":{"start":{"line":9,"column":0},"end":{"line":9,"column":57}},"9":{"start":{"line":10,"column":0},"end":{"line":10,"column":80}},"10":{"start":{"line":33,"column":7},"end":{"line":33,"column":null}},"11":{"start":{"line":33,"column":13},"end":{"line":33,"column":23}},"12":{"start":{"line":33,"column":13},"end":{"line":33,"column":null}}},"fnMap":{},"branchMap":{},"s":{"0":0,"1":0,"2":0,"3":0,"4":0,"5":0,"6":0,"7":0,"8":0,"9":0,"10":0,"11":0,"12":0},"f":{},"b":{}}
,"/mnt/c/Users/Lilyan/Documents/gitHub/EcoTroc/backend/src/modules/auth/application/dto/auth-response.dto.ts": {"path":"/mnt/c/Users/Lilyan/Documents/gitHub/EcoTroc/backend/src/modules/auth/application/dto/auth-response.dto.ts","statementMap":{"0":{"start":{"line":1,"column":0},"end":{"line":1,"column":13}}},"fnMap":{},"branchMap":{},"s":{"0":0},"f":{},"b":{}}
,"/mnt/c/Users/Lilyan/Documents/gitHub/EcoTroc/backend/src/modules/auth/application/dto/login-user.dto.ts": {"path":"/mnt/c/Users/Lilyan/Documents/gitHub/EcoTroc/backend/src/modules/auth/application/dto/login-user.dto.ts","statementMap":{"0":{"start":{"line":1,"column":0},"end":{"line":1,"column":13}}},"fnMap":{},"branchMap":{},"s":{"0":0},"f":{},"b":{}}
,"/mnt/c/Users/Lilyan/Documents/gitHub/EcoTroc/backend/src/modules/auth/application/user-cases/login-user.use-case.ts": {"path":"/mnt/c/Users/Lilyan/Documents/gitHub/EcoTroc/backend/src/modules/auth/application/user-cases/login-user.use-case.ts","statementMap":{"0":{"start":{"line":1,"column":0},"end":{"line":1,"column":52}},"1":{"start":{"line":2,"column":0},"end":{"line":2,"column":41}},"2":{"start":{"line":8,"column":7},"end":{"line":37,"column":null}},"3":{"start":{"line":11,"column":21},"end":{"line":11,"column":46}},"4":{"start":{"line":12,"column":21},"end":{"line":12,"column":33}},"5":{"start":{"line":16,"column":17},"end":{"line":16,"column":59}},"6":{"start":{"line":17,"column":4},"end":{"line":19,"column":5}},"7":{"start":{"line":18,"column":6},"end":{"line":18,"column":45}},"8":{"start":{"line":22,"column":28},"end":{"line":22,"column":67}},"9":{"start":{"line":23,"column":4},"end":{"line":25,"column":5}},"10":{"start":{"line":24,"column":6},"end":{"line":24,"column":45}},"11":{"start":{"line":27,"column":20},"end":{"line":31,"column":6}},"12":{"start":{"line":33,"column":4},"end":{"line":35,"column":6}},"13":{"start":{"line":8,"column":13},"end":{"line":8,"column":29}},"14":{"start":{"line":8,"column":13},"end":{"line":37,"column":null}}},"fnMap":{"0":{"name":"(anonymous_4)","decl":{"start":{"line":9,"column":2},"end":{"line":9,"column":null}},"loc":{"start":{"line":12,"column":43},"end":{"line":13,"column":6}}},"1":{"name":"(anonymous_5)","decl":{"start":{"line":15,"column":2},"end":{"line":15,"column":7}},"loc":{"start":{"line":15,"column":33},"end":{"line":36,"column":3}}}},"branchMap":{"0":{"loc":{"start":{"line":17,"column":4},"end":{"line":19,"column":5}},"type":"if","locations":[{"start":{"line":17,"column":4},"end":{"line":19,"column":5}}]},"1":{"loc":{"start":{"line":23,"column":4},"end":{"line":25,"column":5}},"type":"if","locations":[{"start":{"line":23,"column":4},"end":{"line":25,"column":5}}]}},"s":{"0":0,"1":0,"2":0,"3":0,"4":0,"5":0,"6":0,"7":0,"8":0,"9":0,"10":0,"11":0,"12":0,"13":0,"14":0},"f":{"0":0,"1":0},"b":{"0":[0],"1":[0]}}
,"/mnt/c/Users/Lilyan/Documents/gitHub/EcoTroc/backend/src/modules/auth/constants/jwt.constants.ts": {"path":"/mnt/c/Users/Lilyan/Documents/gitHub/EcoTroc/backend/src/modules/auth/constants/jwt.constants.ts","statementMap":{"0":{"start":{"line":1,"column":13},"end":{"line":4,"column":2}}},"fnMap":{},"branchMap":{"0":{"loc":{"start":{"line":2,"column":10},"end":{"line":2,"column":56}},"type":"binary-expr","locations":[{"start":{"line":2,"column":10},"end":{"line":2,"column":32}},{"start":{"line":2,"column":36},"end":{"line":2,"column":56}}]}},"s":{"0":0},"f":{},"b":{"0":[0,0]}}
,"/mnt/c/Users/Lilyan/Documents/gitHub/EcoTroc/backend/src/modules/auth/guards/jwt-auth.guard.ts": {"path":"/mnt/c/Users/Lilyan/Documents/gitHub/EcoTroc/backend/src/modules/auth/guards/jwt-auth.guard.ts","statementMap":{"0":{"start":{"line":1,"column":0},"end":{"line":1,"column":44}},"1":{"start":{"line":2,"column":0},"end":{"line":2,"column":45}},"2":{"start":{"line":5,"column":7},"end":{"line":5,"column":null}},"3":{"start":{"line":5,"column":13},"end":{"line":5,"column":25}},"4":{"start":{"line":5,"column":13},"end":{"line":5,"column":null}}},"fnMap":{},"branchMap":{},"s":{"0":0,"1":0,"2":0,"3":0,"4":0},"f":{},"b":{}}
,"/mnt/c/Users/Lilyan/Documents/gitHub/EcoTroc/backend/src/modules/auth/infrastructure/strategies/jwt.strategy.ts": {"path":"/mnt/c/Users/Lilyan/Documents/gitHub/EcoTroc/backend/src/modules/auth/infrastructure/strategies/jwt.strategy.ts","statementMap":{"0":{"start":{"line":1,"column":0},"end":{"line":1,"column":44}},"1":{"start":{"line":2,"column":0},"end":{"line":2,"column":52}},"2":{"start":{"line":3,"column":0},"end":{"line":3,"column":52}},"3":{"start":{"line":4,"column":0},"end":{"line":4,"column":61}},"4":{"start":{"line":7,"column":7},"end":{"line":17,"column":null}},"5":{"start":{"line":9,"column":4},"end":{"line":12,"column":7}},"6":{"start":{"line":15,"column":4},"end":{"line":15,"column":73}},"7":{"start":{"line":7,"column":13},"end":{"line":7,"column":24}},"8":{"start":{"line":7,"column":13},"end":{"line":17,"column":null}}},"fnMap":{"0":{"name":"(anonymous_2)","decl":{"start":{"line":8,"column":2},"end":{"line":8,"column":null}},"loc":{"start":{"line":8,"column":2},"end":{"line":13,"column":3}}},"1":{"name":"(anonymous_3)","decl":{"start":{"line":14,"column":2},"end":{"line":14,"column":7}},"loc":{"start":{"line":14,"column":29},"end":{"line":16,"column":3}}}},"branchMap":{},"s":{"0":0,"1":0,"2":0,"3":0,"4":0,"5":0,"6":0,"7":0,"8":0},"f":{"0":0,"1":0},"b":{}}
,"/mnt/c/Users/Lilyan/Documents/gitHub/EcoTroc/backend/src/modules/auth/interface/controllers/auth.controller.ts": {"path":"/mnt/c/Users/Lilyan/Documents/gitHub/EcoTroc/backend/src/modules/auth/interface/controllers/auth.controller.ts","statementMap":{"0":{"start":{"line":1,"column":0},"end":{"line":1,"column":78}},"1":{"start":{"line":2,"column":0},"end":{"line":2,"column":68}},"2":{"start":{"line":4,"column":0},"end":{"line":4,"column":84}},"3":{"start":{"line":7,"column":7},"end":{"line":17,"column":null}},"4":{"start":{"line":9,"column":21},"end":{"line":9,"column":39}},"5":{"start":{"line":15,"column":4},"end":{"line":15,"column":46}},"6":{"start":{"line":7,"column":13},"end":{"line":7,"column":27}},"7":{"start":{"line":14,"column":8},"end":{"line":16,"column":null}},"8":{"start":{"line":7,"column":13},"end":{"line":17,"column":null}}},"fnMap":{"0":{"name":"(anonymous_4)","decl":{"start":{"line":8,"column":2},"end":{"line":8,"column":null}},"loc":{"start":{"line":9,"column":55},"end":{"line":10,"column":6}}},"1":{"name":"(anonymous_5)","decl":{"start":{"line":14,"column":2},"end":{"line":14,"column":7}},"loc":{"start":{"line":14,"column":39},"end":{"line":16,"column":3}}}},"branchMap":{},"s":{"0":0,"1":0,"2":0,"3":0,"4":0,"5":0,"6":0,"7":0,"8":0},"f":{"0":0,"1":0},"b":{}}
,"/mnt/c/Users/Lilyan/Documents/gitHub/EcoTroc/backend/src/modules/collection/collection.module.ts": {"path":"/mnt/c/Users/Lilyan/Documents/gitHub/EcoTroc/backend/src/modules/collection/collection.module.ts","statementMap":{"0":{"start":{"line":1,"column":0},"end":{"line":1,"column":40}},"1":{"start":{"line":2,"column":0},"end":{"line":2,"column":48}},"2":{"start":{"line":3,"column":0},"end":{"line":3,"column":81}},"3":{"start":{"line":4,"column":0},"end":{"line":4,"column":91}},"4":{"start":{"line":5,"column":0},"end":{"line":5,"column":85}},"5":{"start":{"line":6,"column":0},"end":{"line":6,"column":60}},"6":{"start":{"line":7,"column":0},"end":{"line":7,"column":49}},"7":{"start":{"line":8,"column":0},"end":{"line":8,"column":93}},"8":{"start":{"line":9,"column":0},"end":{"line":9,"column":93}},"9":{"start":{"line":10,"column":0},"end":{"line":10,"column":100}},"10":{"start":{"line":11,"column":0},"end":{"line":11,"column":104}},"11":{"start":{"line":12,"column":0},"end":{"line":12,"column":86}},"12":{"start":{"line":13,"column":0},"end":{"line":13,"column":80}},"13":{"start":{"line":14,"column":0},"end":{"line":14,"column":101}},"14":{"start":{"line":15,"column":0},"end":{"line":15,"column":101}},"15":{"start":{"line":16,"column":0},"end":{"line":16,"column":68}},"16":{"start":{"line":17,"column":0},"end":{"line":17,"column":72}},"17":{"start":{"line":18,"column":0},"end":{"line":18,"column":47}},"18":{"start":{"line":48,"column":7},"end":{"line":64,"column":null}},"19":{"start":{"line":50,"column":12},"end":{"line":50,"column":28}},"20":{"start":{"line":51,"column":12},"end":{"line":51,"column":39}},"21":{"start":{"line":52,"column":12},"end":{"line":52,"column":39}},"22":{"start":{"line":55,"column":4},"end":{"line":58,"column":6}},"23":{"start":{"line":59,"column":4},"end":{"line":62,"column":6}},"24":{"start":{"line":48,"column":13},"end":{"line":48,"column":29}},"25":{"start":{"line":48,"column":13},"end":{"line":64,"column":null}}},"fnMap":{"0":{"name":"(anonymous_2)","decl":{"start":{"line":49,"column":2},"end":{"line":49,"column":null}},"loc":{"start":{"line":52,"column":64},"end":{"line":63,"column":3}}}},"branchMap":{},"s":{"0":0,"1":0,"2":0,"3":0,"4":0,"5":0,"6":0,"7":0,"8":0,"9":0,"10":0,"11":0,"12":0,"13":0,"14":0,"15":0,"16":0,"17":0,"18":0,"19":0,"20":0,"21":0,"22":0,"23":0,"24":0,"25":0},"f":{"0":0},"b":{}}
,"/mnt/c/Users/Lilyan/Documents/gitHub/EcoTroc/backend/src/modules/collection/application/dto/create-collection.dto.ts": {"path":"/mnt/c/Users/Lilyan/Documents/gitHub/EcoTroc/backend/src/modules/collection/application/dto/create-collection.dto.ts","statementMap":{"0":{"start":{"line":1,"column":0},"end":{"line":1,"column":13}}},"fnMap":{},"branchMap":{},"s":{"0":0},"f":{},"b":{}}
,"/mnt/c/Users/Lilyan/Documents/gitHub/EcoTroc/backend/src/modules/collection/application/dto/receive-points.dto.ts": {"path":"/mnt/c/Users/Lilyan/Documents/gitHub/EcoTroc/backend/src/modules/collection/application/dto/receive-points.dto.ts","statementMap":{"0":{"start":{"line":1,"column":0},"end":{"line":1,"column":13}}},"fnMap":{},"branchMap":{},"s":{"0":0},"f":{},"b":{}}
,"/mnt/c/Users/Lilyan/Documents/gitHub/EcoTroc/backend/src/modules/collection/application/event-handlers/collection-accepted.handler.ts": {"path":"/mnt/c/Users/Lilyan/Documents/gitHub/EcoTroc/backend/src/modules/collection/application/event-handlers/collection-accepted.handler.ts","statementMap":{"0":{"start":{"line":1,"column":0},"end":{"line":1,"column":52}},"1":{"start":{"line":5,"column":0},"end":{"line":5,"column":85}},"2":{"start":{"line":12,"column":7},"end":{"line":39,"column":null}},"3":{"start":{"line":17,"column":21},"end":{"line":17,"column":64}},"4":{"start":{"line":21,"column":4},"end":{"line":23,"column":6}},"5":{"start":{"line":26,"column":30},"end":{"line":31,"column":6}},"6":{"start":{"line":33,"column":4},"end":{"line":33,"column":62}},"7":{"start":{"line":35,"column":4},"end":{"line":37,"column":6}},"8":{"start":{"line":12,"column":13},"end":{"line":12,"column":38}},"9":{"start":{"line":12,"column":13},"end":{"line":39,"column":null}}},"fnMap":{"0":{"name":"(anonymous_4)","decl":{"start":{"line":15,"column":2},"end":{"line":15,"column":null}},"loc":{"start":{"line":17,"column":64},"end":{"line":18,"column":6}}},"1":{"name":"(anonymous_5)","decl":{"start":{"line":20,"column":2},"end":{"line":20,"column":7}},"loc":{"start":{"line":20,"column":45},"end":{"line":38,"column":3}}}},"branchMap":{},"s":{"0":0,"1":0,"2":0,"3":0,"4":0,"5":0,"6":0,"7":0,"8":0,"9":0},"f":{"0":0,"1":0},"b":{}}
,"/mnt/c/Users/Lilyan/Documents/gitHub/EcoTroc/backend/src/modules/collection/application/event-handlers/collection-rejected.handler.ts": {"path":"/mnt/c/Users/Lilyan/Documents/gitHub/EcoTroc/backend/src/modules/collection/application/event-handlers/collection-rejected.handler.ts","statementMap":{"0":{"start":{"line":1,"column":0},"end":{"line":1,"column":44}},"1":{"start":{"line":10,"column":7},"end":{"line":28,"column":null}},"2":{"start":{"line":14,"column":4},"end":{"line":16,"column":6}},"3":{"start":{"line":18,"column":4},"end":{"line":20,"column":5}},"4":{"start":{"line":19,"column":6},"end":{"line":19,"column":73}},"5":{"start":{"line":10,"column":13},"end":{"line":10,"column":38}},"6":{"start":{"line":10,"column":13},"end":{"line":28,"column":null}}},"fnMap":{"0":{"name":"(anonymous_1)","decl":{"start":{"line":13,"column":2},"end":{"line":13,"column":7}},"loc":{"start":{"line":13,"column":45},"end":{"line":27,"column":3}}}},"branchMap":{"0":{"loc":{"start":{"line":18,"column":4},"end":{"line":20,"column":5}},"type":"if","locations":[{"start":{"line":18,"column":4},"end":{"line":20,"column":5}}]}},"s":{"0":0,"1":0,"2":0,"3":0,"4":0,"5":0,"6":0},"f":{"0":0},"b":{"0":[0]}}
,"/mnt/c/Users/Lilyan/Documents/gitHub/EcoTroc/backend/src/modules/collection/application/services/reports.service.ts": {"path":"/mnt/c/Users/Lilyan/Documents/gitHub/EcoTroc/backend/src/modules/collection/application/services/reports.service.ts","statementMap":{"0":{"start":{"line":1,"column":0},"end":{"line":1,"column":60}},"1":{"start":{"line":3,"column":0},"end":{"line":3,"column":49}},"2":{"start":{"line":30,"column":27},"end":{"line":338,"column":null}},"3":{"start":{"line":31,"column":28},"end":{"line":31,"column":59}},"4":{"start":{"line":33,"column":31},"end":{"line":33,"column":43}},"5":{"start":{"line":44,"column":22},"end":{"line":44,"column":39}},"6":{"start":{"line":45,"column":19},"end":{"line":45,"column":45}},"7":{"start":{"line":47,"column":4},"end":{"line":50,"column":6}},"8":{"start":{"line":55,"column":4},"end":{"line":63,"column":5}},"9":{"start":{"line":57,"column":6},"end":{"line":57,"column":60}},"10":{"start":{"line":58,"column":6},"end":{"line":58,"column":72}},"11":{"start":{"line":61,"column":6},"end":{"line":61,"column":54}},"12":{"start":{"line":62,"column":6},"end":{"line":62,"column":66}},"13":{"start":{"line":65,"column":27},"end":{"line":65,"column":68}},"14":{"start":{"line":66,"column":4},"end":{"line":66,"column":44}},"15":{"start":{"line":67,"column":4},"end":{"line":67,"column":29}},"16":{"start":{"line":69,"column":4},"end":{"line":71,"column":6}},"17":{"start":{"line":73,"column":4},"end":{"line":77,"column":6}},"18":{"start":{"line":76,"column":42},"end":{"line":76,"column":52}},"19":{"start":{"line":84,"column":29},"end":{"line":84,"column":47}},"20":{"start":{"line":87,"column":21},"end":{"line":92,"column":6}},"21":{"start":{"line":88,"column":6},"end":{"line":88,"column":44}},"22":{"start":{"line":88,"column":35},"end":{"line":88,"column":44}},"23":{"start":{"line":89,"column":6},"end":{"line":89,"column":43}},"24":{"start":{"line":89,"column":34},"end":{"line":89,"column":43}},"25":{"start":{"line":90,"column":6},"end":{"line":90,"column":44}},"26":{"start":{"line":90,"column":35},"end":{"line":90,"column":44}},"27":{"start":{"line":91,"column":6},"end":{"line":91,"column":15}},"28":{"start":{"line":94,"column":23},"end":{"line":94,"column":57}},"29":{"start":{"line":94,"column":46},"end":{"line":94,"column":56}},"30":{"start":{"line":95,"column":19},"end":{"line":95,"column":51}},"31":{"start":{"line":95,"column":42},"end":{"line":95,"column":50}},"32":{"start":{"line":96,"column":23},"end":{"line":96,"column":68}},"33":{"start":{"line":96,"column":46},"end":{"line":96,"column":67}},"34":{"start":{"line":99,"column":32},"end":{"line":99,"column":62}},"35":{"start":{"line":100,"column":31},"end":{"line":100,"column":61}},"36":{"start":{"line":101,"column":32},"end":{"line":101,"column":62}},"37":{"start":{"line":104,"column":28},"end":{"line":104,"column":64}},"38":{"start":{"line":105,"column":26},"end":{"line":105,"column":72}},"39":{"start":{"line":106,"column":24},"end":{"line":106,"column":66}},"40":{"start":{"line":109,"column":26},"end":{"line":109,"column":63}},"41":{"start":{"line":110,"column":30},"end":{"line":110,"column":84}},"42":{"start":{"line":112,"column":4},"end":{"line":122,"column":6}},"43":{"start":{"line":129,"column":41},"end":{"line":134,"column":6}},"44":{"start":{"line":137,"column":32},"end":{"line":137,"column":82}},"45":{"start":{"line":137,"column":58},"end":{"line":137,"column":81}},"46":{"start":{"line":139,"column":4},"end":{"line":141,"column":5}},"47":{"start":{"line":140,"column":6},"end":{"line":140,"column":27}},"48":{"start":{"line":144,"column":4},"end":{"line":151,"column":7}},"49":{"start":{"line":145,"column":19},"end":{"line":145,"column":33}},"50":{"start":{"line":146,"column":6},"end":{"line":150,"column":7}},"51":{"start":{"line":147,"column":8},"end":{"line":147,"column":51}},"52":{"start":{"line":148,"column":8},"end":{"line":148,"column":47}},"53":{"start":{"line":149,"column":8},"end":{"line":149,"column":39}},"54":{"start":{"line":153,"column":4},"end":{"line":153,"column":25}},"55":{"start":{"line":160,"column":29},"end":{"line":160,"column":47}},"56":{"start":{"line":161,"column":32},"end":{"line":161,"column":89}},"57":{"start":{"line":161,"column":58},"end":{"line":161,"column":81}},"58":{"start":{"line":162,"column":31},"end":{"line":162,"column":87}},"59":{"start":{"line":162,"column":57},"end":{"line":162,"column":79}},"60":{"start":{"line":163,"column":32},"end":{"line":163,"column":89}},"61":{"start":{"line":163,"column":58},"end":{"line":163,"column":81}},"62":{"start":{"line":165,"column":26},"end":{"line":167,"column":46}},"63":{"start":{"line":166,"column":21},"end":{"line":166,"column":44}},"64":{"start":{"line":167,"column":26},"end":{"line":167,"column":42}},"65":{"start":{"line":169,"column":24},"end":{"line":171,"column":44}},"66":{"start":{"line":170,"column":21},"end":{"line":170,"column":44}},"67":{"start":{"line":171,"column":26},"end":{"line":171,"column":40}},"68":{"start":{"line":173,"column":26},"end":{"line":173,"column":36}},"69":{"start":{"line":174,"column":4},"end":{"line":174,"column":56}},"70":{"start":{"line":176,"column":30},"end":{"line":178,"column":12}},"71":{"start":{"line":177,"column":13},"end":{"line":177,"column":51}},"72":{"start":{"line":180,"column":4},"end":{"line":190,"column":6}},"73":{"start":{"line":197,"column":41},"end":{"line":202,"column":6}},"74":{"start":{"line":204,"column":4},"end":{"line":212,"column":9}},"75":{"start":{"line":205,"column":21},"end":{"line":205,"column":44}},"76":{"start":{"line":207,"column":8},"end":{"line":211,"column":9}},"77":{"start":{"line":208,"column":10},"end":{"line":208,"column":63}},"78":{"start":{"line":209,"column":10},"end":{"line":209,"column":59}},"79":{"start":{"line":210,"column":10},"end":{"line":210,"column":51}},"80":{"start":{"line":214,"column":4},"end":{"line":214,"column":25}},"81":{"start":{"line":221,"column":4},"end":{"line":221,"column":51}},"82":{"start":{"line":221,"column":31},"end":{"line":221,"column":42}},"83":{"start":{"line":225,"column":30},"end":{"line":225,"column":32}},"84":{"start":{"line":226,"column":4},"end":{"line":230,"column":5}},"85":{"start":{"line":226,"column":17},"end":{"line":226,"column":18}},"86":{"start":{"line":227,"column":6},"end":{"line":229,"column":7}},"87":{"start":{"line":228,"column":8},"end":{"line":228,"column":24}},"88":{"start":{"line":231,"column":4},"end":{"line":231,"column":19}},"89":{"start":{"line":235,"column":4},"end":{"line":235,"column":57}},"90":{"start":{"line":235,"column":38},"end":{"line":235,"column":52}},"91":{"start":{"line":239,"column":4},"end":{"line":239,"column":59}},"92":{"start":{"line":239,"column":36},"end":{"line":239,"column":50}},"93":{"start":{"line":252,"column":22},"end":{"line":252,"column":39}},"94":{"start":{"line":255,"column":23},"end":{"line":260,"column":6}},"95":{"start":{"line":262,"column":25},"end":{"line":267,"column":6}},"96":{"start":{"line":269,"column":26},"end":{"line":274,"column":6}},"97":{"start":{"line":276,"column":32},"end":{"line":276,"column":82}},"98":{"start":{"line":276,"column":58},"end":{"line":276,"column":81}},"99":{"start":{"line":278,"column":4},"end":{"line":336,"column":5}},"100":{"start":{"line":280,"column":6},"end":{"line":280,"column":68}},"101":{"start":{"line":282,"column":25},"end":{"line":282,"column":67}},"102":{"start":{"line":282,"column":56},"end":{"line":282,"column":66}},"103":{"start":{"line":283,"column":30},"end":{"line":284,"column":null}},"104":{"start":{"line":284,"column":15},"end":{"line":284,"column":46}},"105":{"start":{"line":286,"column":32},"end":{"line":287,"column":null}},"106":{"start":{"line":287,"column":15},"end":{"line":287,"column":48}},"107":{"start":{"line":289,"column":33},"end":{"line":290,"column":null}},"108":{"start":{"line":290,"column":15},"end":{"line":290,"column":49}},"109":{"start":{"line":294,"column":25},"end":{"line":296,"column":null}},"110":{"start":{"line":298,"column":27},"end":{"line":300,"column":null}},"111":{"start":{"line":302,"column":28},"end":{"line":304,"column":null}},"112":{"start":{"line":307,"column":28},"end":{"line":307,"column":69}},"113":{"start":{"line":307,"column":58},"end":{"line":307,"column":65}},"114":{"start":{"line":308,"column":30},"end":{"line":308,"column":73}},"115":{"start":{"line":308,"column":62},"end":{"line":308,"column":69}},"116":{"start":{"line":309,"column":31},"end":{"line":309,"column":75}},"117":{"start":{"line":309,"column":64},"end":{"line":309,"column":71}},"118":{"start":{"line":311,"column":6},"end":{"line":316,"column":8}},"119":{"start":{"line":319,"column":21},"end":{"line":319,"column":22}},"120":{"start":{"line":320,"column":23},"end":{"line":320,"column":24}},"121":{"start":{"line":321,"column":24},"end":{"line":321,"column":25}},"122":{"start":{"line":323,"column":6},"end":{"line":328,"column":9}},"123":{"start":{"line":324,"column":20},"end":{"line":324,"column":30}},"124":{"start":{"line":325,"column":8},"end":{"line":325,"column":60}},"125":{"start":{"line":326,"column":8},"end":{"line":326,"column":64}},"126":{"start":{"line":327,"column":8},"end":{"line":327,"column":66}},"127":{"start":{"line":330,"column":6},"end":{"line":335,"column":8}},"128":{"start":{"line":30,"column":13},"end":{"line":30,"column":27}},"129":{"start":{"line":30,"column":13},"end":{"line":338,"column":null}}},"fnMap":{"0":{"name":"(anonymous_2)","decl":{"start":{"line":33,"column":2},"end":{"line":33,"column":31}},"loc":{"start":{"line":33,"column":53},"end":{"line":33,"column":57}}},"1":{"name":"(anonymous_3)","decl":{"start":{"line":39,"column":2},"end":{"line":39,"column":7}},"loc":{"start":{"line":39,"column":59},"end":{"line":78,"column":3}}},"2":{"name":"(anonymous_4)","decl":{"start":{"line":76,"column":35},"end":{"line":76,"column":36}},"loc":{"start":{"line":76,"column":42},"end":{"line":76,"column":52}}},"3":{"name":"(anonymous_5)","decl":{"start":{"line":83,"column":10},"end":{"line":83,"column":15}},"loc":{"start":{"line":83,"column":61},"end":{"line":123,"column":3}}},"4":{"name":"(anonymous_6)","decl":{"start":{"line":87,"column":37},"end":{"line":87,"column":38}},"loc":{"start":{"line":87,"column":43},"end":{"line":92,"column":5}}},"5":{"name":"(anonymous_7)","decl":{"start":{"line":94,"column":39},"end":{"line":94,"column":40}},"loc":{"start":{"line":94,"column":46},"end":{"line":94,"column":56}}},"6":{"name":"(anonymous_8)","decl":{"start":{"line":95,"column":35},"end":{"line":95,"column":36}},"loc":{"start":{"line":95,"column":42},"end":{"line":95,"column":50}}},"7":{"name":"(anonymous_9)","decl":{"start":{"line":96,"column":39},"end":{"line":96,"column":40}},"loc":{"start":{"line":96,"column":46},"end":{"line":96,"column":67}}},"8":{"name":"(anonymous_10)","decl":{"start":{"line":128,"column":10},"end":{"line":128,"column":15}},"loc":{"start":{"line":128,"column":67},"end":{"line":154,"column":3}}},"9":{"name":"(anonymous_11)","decl":{"start":{"line":137,"column":51},"end":{"line":137,"column":52}},"loc":{"start":{"line":137,"column":58},"end":{"line":137,"column":81}}},"10":{"name":"(anonymous_12)","decl":{"start":{"line":144,"column":32},"end":{"line":144,"column":33}},"loc":{"start":{"line":144,"column":38},"end":{"line":151,"column":5}}},"11":{"name":"(anonymous_13)","decl":{"start":{"line":159,"column":10},"end":{"line":159,"column":29}},"loc":{"start":{"line":159,"column":55},"end":{"line":191,"column":3}}},"12":{"name":"(anonymous_14)","decl":{"start":{"line":161,"column":51},"end":{"line":161,"column":52}},"loc":{"start":{"line":161,"column":58},"end":{"line":161,"column":81}}},"13":{"name":"(anonymous_15)","decl":{"start":{"line":162,"column":50},"end":{"line":162,"column":51}},"loc":{"start":{"line":162,"column":57},"end":{"line":162,"column":79}}},"14":{"name":"(anonymous_16)","decl":{"start":{"line":163,"column":51},"end":{"line":163,"column":52}},"loc":{"start":{"line":163,"column":58},"end":{"line":163,"column":81}}},"15":{"name":"(anonymous_17)","decl":{"start":{"line":166,"column":14},"end":{"line":166,"column":15}},"loc":{"start":{"line":166,"column":21},"end":{"line":166,"column":44}}},"16":{"name":"(anonymous_18)","decl":{"start":{"line":167,"column":14},"end":{"line":167,"column":15}},"loc":{"start":{"line":167,"column":26},"end":{"line":167,"column":42}}},"17":{"name":"(anonymous_19)","decl":{"start":{"line":170,"column":14},"end":{"line":170,"column":15}},"loc":{"start":{"line":170,"column":21},"end":{"line":170,"column":44}}},"18":{"name":"(anonymous_20)","decl":{"start":{"line":171,"column":14},"end":{"line":171,"column":15}},"loc":{"start":{"line":171,"column":26},"end":{"line":171,"column":40}}},"19":{"name":"(anonymous_21)","decl":{"start":{"line":177,"column":6},"end":{"line":177,"column":7}},"loc":{"start":{"line":177,"column":13},"end":{"line":177,"column":51}}},"20":{"name":"(anonymous_22)","decl":{"start":{"line":196,"column":10},"end":{"line":196,"column":35}},"loc":{"start":{"line":196,"column":61},"end":{"line":215,"column":3}}},"21":{"name":"(anonymous_23)","decl":{"start":{"line":205,"column":14},"end":{"line":205,"column":15}},"loc":{"start":{"line":205,"column":21},"end":{"line":205,"column":44}}},"22":{"name":"(anonymous_24)","decl":{"start":{"line":206,"column":15},"end":{"line":206,"column":16}},"loc":{"start":{"line":206,"column":21},"end":{"line":212,"column":7}}},"23":{"name":"(anonymous_25)","decl":{"start":{"line":220,"column":10},"end":{"line":220,"column":22}},"loc":{"start":{"line":220,"column":53},"end":{"line":222,"column":3}}},"24":{"name":"(anonymous_26)","decl":{"start":{"line":221,"column":24},"end":{"line":221,"column":25}},"loc":{"start":{"line":221,"column":31},"end":{"line":221,"column":42}}},"25":{"name":"(anonymous_27)","decl":{"start":{"line":224,"column":10},"end":{"line":224,"column":28}},"loc":{"start":{"line":224,"column":63},"end":{"line":232,"column":3}}},"26":{"name":"(anonymous_28)","decl":{"start":{"line":234,"column":10},"end":{"line":234,"column":22}},"loc":{"start":{"line":234,"column":57},"end":{"line":236,"column":3}}},"27":{"name":"(anonymous_29)","decl":{"start":{"line":235,"column":26},"end":{"line":235,"column":27}},"loc":{"start":{"line":235,"column":38},"end":{"line":235,"column":52}}},"28":{"name":"(anonymous_30)","decl":{"start":{"line":238,"column":10},"end":{"line":238,"column":32}},"loc":{"start":{"line":238,"column":72},"end":{"line":240,"column":3}}},"29":{"name":"(anonymous_31)","decl":{"start":{"line":239,"column":29},"end":{"line":239,"column":30}},"loc":{"start":{"line":239,"column":36},"end":{"line":239,"column":50}}},"30":{"name":"(anonymous_32)","decl":{"start":{"line":246,"column":2},"end":{"line":246,"column":7}},"loc":{"start":{"line":246,"column":62},"end":{"line":337,"column":3}}},"31":{"name":"(anonymous_33)","decl":{"start":{"line":276,"column":51},"end":{"line":276,"column":52}},"loc":{"start":{"line":276,"column":58},"end":{"line":276,"column":81}}},"32":{"name":"(anonymous_34)","decl":{"start":{"line":282,"column":49},"end":{"line":282,"column":50}},"loc":{"start":{"line":282,"column":56},"end":{"line":282,"column":66}}},"33":{"name":"(anonymous_35)","decl":{"start":{"line":284,"column":8},"end":{"line":284,"column":9}},"loc":{"start":{"line":284,"column":15},"end":{"line":284,"column":46}}},"34":{"name":"(anonymous_36)","decl":{"start":{"line":287,"column":8},"end":{"line":287,"column":9}},"loc":{"start":{"line":287,"column":15},"end":{"line":287,"column":48}}},"35":{"name":"(anonymous_37)","decl":{"start":{"line":290,"column":8},"end":{"line":290,"column":9}},"loc":{"start":{"line":290,"column":15},"end":{"line":290,"column":49}}},"36":{"name":"(anonymous_38)","decl":{"start":{"line":307,"column":46},"end":{"line":307,"column":47}},"loc":{"start":{"line":307,"column":58},"end":{"line":307,"column":65}}},"37":{"name":"(anonymous_39)","decl":{"start":{"line":308,"column":50},"end":{"line":308,"column":51}},"loc":{"start":{"line":308,"column":62},"end":{"line":308,"column":69}}},"38":{"name":"(anonymous_40)","decl":{"start":{"line":309,"column":52},"end":{"line":309,"column":53}},"loc":{"start":{"line":309,"column":64},"end":{"line":309,"column":71}}},"39":{"name":"(anonymous_41)","decl":{"start":{"line":323,"column":34},"end":{"line":323,"column":35}},"loc":{"start":{"line":323,"column":40},"end":{"line":328,"column":7}}}},"branchMap":{"0":{"loc":{"start":{"line":49,"column":9},"end":{"line":49,"column":50}},"type":"cond-expr","locations":[{"start":{"line":49,"column":18},"end":{"line":49,"column":34}},{"start":{"line":49,"column":37},"end":{"line":49,"column":50}}]},"1":{"loc":{"start":{"line":55,"column":4},"end":{"line":63,"column":5}},"type":"if","locations":[{"start":{"line":55,"column":4},"end":{"line":63,"column":5}},{"start":{"line":59,"column":11},"end":{"line":63,"column":5}}]},"2":{"loc":{"start":{"line":70,"column":50},"end":{"line":70,"column":72}},"type":"cond-expr","locations":[{"start":{"line":70,"column":59},"end":{"line":70,"column":64}},{"start":{"line":70,"column":67},"end":{"line":70,"column":72}}]},"3":{"loc":{"start":{"line":88,"column":6},"end":{"line":88,"column":44}},"type":"if","locations":[{"start":{"line":88,"column":6},"end":{"line":88,"column":44}}]},"4":{"loc":{"start":{"line":89,"column":6},"end":{"line":89,"column":43}},"type":"if","locations":[{"start":{"line":89,"column":6},"end":{"line":89,"column":43}}]},"5":{"loc":{"start":{"line":90,"column":6},"end":{"line":90,"column":44}},"type":"if","locations":[{"start":{"line":90,"column":6},"end":{"line":90,"column":44}}]},"6":{"loc":{"start":{"line":139,"column":4},"end":{"line":141,"column":5}},"type":"if","locations":[{"start":{"line":139,"column":4},"end":{"line":141,"column":5}}]},"7":{"loc":{"start":{"line":146,"column":6},"end":{"line":150,"column":7}},"type":"if","locations":[{"start":{"line":146,"column":6},"end":{"line":150,"column":7}}]},"8":{"loc":{"start":{"line":207,"column":8},"end":{"line":211,"column":9}},"type":"if","locations":[{"start":{"line":207,"column":8},"end":{"line":211,"column":9}}]},"9":{"loc":{"start":{"line":227,"column":6},"end":{"line":229,"column":7}},"type":"if","locations":[{"start":{"line":227,"column":6},"end":{"line":229,"column":7}}]},"10":{"loc":{"start":{"line":278,"column":4},"end":{"line":336,"column":5}},"type":"if","locations":[{"start":{"line":278,"column":4},"end":{"line":336,"column":5}},{"start":{"line":317,"column":11},"end":{"line":336,"column":5}}]},"11":{"loc":{"start":{"line":284,"column":15},"end":{"line":284,"column":46}},"type":"binary-expr","locations":[{"start":{"line":284,"column":15},"end":{"line":284,"column":41}},{"start":{"line":284,"column":45},"end":{"line":284,"column":46}}]},"12":{"loc":{"start":{"line":287,"column":15},"end":{"line":287,"column":48}},"type":"binary-expr","locations":[{"start":{"line":287,"column":15},"end":{"line":287,"column":43}},{"start":{"line":287,"column":47},"end":{"line":287,"column":48}}]},"13":{"loc":{"start":{"line":290,"column":15},"end":{"line":290,"column":49}},"type":"binary-expr","locations":[{"start":{"line":290,"column":15},"end":{"line":290,"column":44}},{"start":{"line":290,"column":48},"end":{"line":290,"column":49}}]},"14":{"loc":{"start":{"line":325,"column":27},"end":{"line":325,"column":58}},"type":"binary-expr","locations":[{"start":{"line":325,"column":27},"end":{"line":325,"column":53}},{"start":{"line":325,"column":57},"end":{"line":325,"column":58}}]},"15":{"loc":{"start":{"line":326,"column":29},"end":{"line":326,"column":62}},"type":"binary-expr","locations":[{"start":{"line":326,"column":29},"end":{"line":326,"column":57}},{"start":{"line":326,"column":61},"end":{"line":326,"column":62}}]},"16":{"loc":{"start":{"line":327,"column":30},"end":{"line":327,"column":64}},"type":"binary-expr","locations":[{"start":{"line":327,"column":30},"end":{"line":327,"column":59}},{"start":{"line":327,"column":63},"end":{"line":327,"column":64}}]}},"s":{"0":0,"1":0,"2":0,"3":0,"4":0,"5":0,"6":0,"7":0,"8":0,"9":0,"10":0,"11":0,"12":0,"13":0,"14":0,"15":0,"16":0,"17":0,"18":0,"19":0,"20":0,"21":0,"22":0,"23":0,"24":0,"25":0,"26":0,"27":0,"28":0,"29":0,"30":0,"31":0,"32":0,"33":0,"34":0,"35":0,"36":0,"37":0,"38":0,"39":0,"40":0,"41":0,"42":0,"43":0,"44":0,"45":0,"46":0,"47":0,"48":0,"49":0,"50":0,"51":0,"52":0,"53":0,"54":0,"55":0,"56":0,"57":0,"58":0,"59":0,"60":0,"61":0,"62":0,"63":0,"64":0,"65":0,"66":0,"67":0,"68":0,"69":0,"70":0,"71":0,"72":0,"73":0,"74":0,"75":0,"76":0,"77":0,"78":0,"79":0,"80":0,"81":0,"82":0,"83":0,"84":0,"85":0,"86":0,"87":0,"88":0,"89":0,"90":0,"91":0,"92":0,"93":0,"94":0,"95":0,"96":0,"97":0,"98":0,"99":0,"100":0,"101":0,"102":0,"103":0,"104":0,"105":0,"106":0,"107":0,"108":0,"109":0,"110":0,"111":0,"112":0,"113":0,"114":0,"115":0,"116":0,"117":0,"118":0,"119":0,"120":0,"121":0,"122":0,"123":0,"124":0,"125":0,"126":0,"127":0,"128":0,"129":0},"f":{"0":0,"1":0,"2":0,"3":0,"4":0,"5":0,"6":0,"7":0,"8":0,"9":0,"10":0,"11":0,"12":0,"13":0,"14":0,"15":0,"16":0,"17":0,"18":0,"19":0,"20":0,"21":0,"22":0,"23":0,"24":0,"25":0,"26":0,"27":0,"28":0,"29":0,"30":0,"31":0,"32":0,"33":0,"34":0,"35":0,"36":0,"37":0,"38":0,"39":0},"b":{"0":[0,0],"1":[0,0],"2":[0,0],"3":[0],"4":[0],"5":[0],"6":[0],"7":[0],"8":[0],"9":[0],"10":[0,0],"11":[0,0],"12":[0,0],"13":[0,0],"14":[0,0],"15":[0,0],"16":[0,0]}}
,"/mnt/c/Users/Lilyan/Documents/gitHub/EcoTroc/backend/src/modules/collection/application/use-cases/create-collection.use-case.ts": {"path":"/mnt/c/Users/Lilyan/Documents/gitHub/EcoTroc/backend/src/modules/collection/application/use-cases/create-collection.use-case.ts","statementMap":{"0":{"start":{"line":1,"column":0},"end":{"line":1,"column":52}},"1":{"start":{"line":3,"column":0},"end":{"line":3,"column":69}},"2":{"start":{"line":6,"column":0},"end":{"line":6,"column":88}},"3":{"start":{"line":9,"column":7},"end":{"line":37,"column":null}},"4":{"start":{"line":12,"column":21},"end":{"line":12,"column":58}},"5":{"start":{"line":14,"column":21},"end":{"line":14,"column":58}},"6":{"start":{"line":19,"column":23},"end":{"line":24,"column":6}},"7":{"start":{"line":26,"column":4},"end":{"line":26,"column":49}},"8":{"start":{"line":29,"column":30},"end":{"line":33,"column":6}},"9":{"start":{"line":35,"column":4},"end":{"line":35,"column":56}},"10":{"start":{"line":9,"column":13},"end":{"line":9,"column":36}},"11":{"start":{"line":9,"column":13},"end":{"line":37,"column":null}}},"fnMap":{"0":{"name":"(anonymous_4)","decl":{"start":{"line":10,"column":2},"end":{"line":10,"column":null}},"loc":{"start":{"line":14,"column":58},"end":{"line":15,"column":6}}},"1":{"name":"(anonymous_5)","decl":{"start":{"line":17,"column":2},"end":{"line":17,"column":7}},"loc":{"start":{"line":17,"column":40},"end":{"line":36,"column":3}}}},"branchMap":{"0":{"loc":{"start":{"line":21,"column":14},"end":{"line":21,"column":54}},"type":"binary-expr","locations":[{"start":{"line":21,"column":14},"end":{"line":21,"column":24}},{"start":{"line":21,"column":28},"end":{"line":21,"column":48}},{"start":{"line":21,"column":52},"end":{"line":21,"column":54}}]},"1":{"loc":{"start":{"line":30,"column":14},"end":{"line":30,"column":54}},"type":"binary-expr","locations":[{"start":{"line":30,"column":14},"end":{"line":30,"column":24}},{"start":{"line":30,"column":28},"end":{"line":30,"column":48}},{"start":{"line":30,"column":52},"end":{"line":30,"column":54}}]}},"s":{"0":0,"1":0,"2":0,"3":0,"4":0,"5":0,"6":0,"7":0,"8":0,"9":0,"10":0,"11":0},"f":{"0":0,"1":0},"b":{"0":[0,0,0],"1":[0,0,0]}}
,"/mnt/c/Users/Lilyan/Documents/gitHub/EcoTroc/backend/src/modules/collection/application/use-cases/declare-recycling.use-case.ts": {"path":"/mnt/c/Users/Lilyan/Documents/gitHub/EcoTroc/backend/src/modules/collection/application/use-cases/declare-recycling.use-case.ts","statementMap":{"0":{"start":{"line":1,"column":0},"end":{"line":1,"column":71}},"1":{"start":{"line":3,"column":0},"end":{"line":3,"column":69}},"2":{"start":{"line":6,"column":0},"end":{"line":6,"column":13}},"3":{"start":{"line":15,"column":7},"end":{"line":45,"column":null}},"4":{"start":{"line":18,"column":12},"end":{"line":18,"column":55}},"5":{"start":{"line":20,"column":12},"end":{"line":20,"column":43}},"6":{"start":{"line":24,"column":17},"end":{"line":24,"column":63}},"7":{"start":{"line":26,"column":4},"end":{"line":28,"column":5}},"8":{"start":{"line":27,"column":6},"end":{"line":27,"column":74}},"9":{"start":{"line":30,"column":23},"end":{"line":36,"column":6}},"10":{"start":{"line":38,"column":4},"end":{"line":38,"column":55}},"11":{"start":{"line":40,"column":4},"end":{"line":43,"column":6}},"12":{"start":{"line":15,"column":13},"end":{"line":15,"column":36}},"13":{"start":{"line":15,"column":13},"end":{"line":45,"column":null}}},"fnMap":{"0":{"name":"(anonymous_4)","decl":{"start":{"line":16,"column":2},"end":{"line":16,"column":null}},"loc":{"start":{"line":20,"column":43},"end":{"line":21,"column":6}}},"1":{"name":"(anonymous_5)","decl":{"start":{"line":23,"column":2},"end":{"line":23,"column":7}},"loc":{"start":{"line":23,"column":40},"end":{"line":44,"column":3}}}},"branchMap":{"0":{"loc":{"start":{"line":26,"column":4},"end":{"line":28,"column":5}},"type":"if","locations":[{"start":{"line":26,"column":4},"end":{"line":28,"column":5}}]}},"s":{"0":0,"1":0,"2":0,"3":0,"4":0,"5":0,"6":0,"7":0,"8":0,"9":0,"10":0,"11":0,"12":0,"13":0},"f":{"0":0,"1":0},"b":{"0":[0]}}
,"/mnt/c/Users/Lilyan/Documents/gitHub/EcoTroc/backend/src/modules/collection/application/use-cases/get-pending-collections.use-case.ts": {"path":"/mnt/c/Users/Lilyan/Documents/gitHub/EcoTroc/backend/src/modules/collection/application/use-cases/get-pending-collections.use-case.ts","statementMap":{"0":{"start":{"line":1,"column":0},"end":{"line":1,"column":52}},"1":{"start":{"line":5,"column":7},"end":{"line":15,"column":null}},"2":{"start":{"line":8,"column":12},"end":{"line":8,"column":55}},"3":{"start":{"line":12,"column":24},"end":{"line":12,"column":83}},"4":{"start":{"line":13,"column":4},"end":{"line":13,"column":44}},"5":{"start":{"line":13,"column":32},"end":{"line":13,"column":42}},"6":{"start":{"line":5,"column":13},"end":{"line":5,"column":41}},"7":{"start":{"line":5,"column":13},"end":{"line":15,"column":null}}},"fnMap":{"0":{"name":"(anonymous_4)","decl":{"start":{"line":6,"column":2},"end":{"line":6,"column":null}},"loc":{"start":{"line":8,"column":55},"end":{"line":9,"column":6}}},"1":{"name":"(anonymous_5)","decl":{"start":{"line":11,"column":2},"end":{"line":11,"column":7}},"loc":{"start":{"line":11,"column":30},"end":{"line":14,"column":3}}},"2":{"name":"(anonymous_6)","decl":{"start":{"line":13,"column":27},"end":{"line":13,"column":28}},"loc":{"start":{"line":13,"column":32},"end":{"line":13,"column":42}}}},"branchMap":{},"s":{"0":0,"1":0,"2":0,"3":0,"4":0,"5":0,"6":0,"7":0},"f":{"0":0,"1":0,"2":0},"b":{}}
,"/mnt/c/Users/Lilyan/Documents/gitHub/EcoTroc/backend/src/modules/collection/application/use-cases/respond-to-collection.use-case.ts": {"path":"/mnt/c/Users/Lilyan/Documents/gitHub/EcoTroc/backend/src/modules/collection/application/use-cases/respond-to-collection.use-case.ts","statementMap":{"0":{"start":{"line":1,"column":0},"end":{"line":1,"column":92}},"1":{"start":{"line":4,"column":0},"end":{"line":4,"column":90}},"2":{"start":{"line":5,"column":0},"end":{"line":5,"column":68}},"3":{"start":{"line":7,"column":0},"end":{"line":7,"column":85}},"4":{"start":{"line":8,"column":0},"end":{"line":8,"column":81}},"5":{"start":{"line":10,"column":0},"end":{"line":10,"column":13}},"6":{"start":{"line":25,"column":7},"end":{"line":103,"column":null}},"7":{"start":{"line":28,"column":12},"end":{"line":28,"column":55}},"8":{"start":{"line":30,"column":12},"end":{"line":30,"column":43}},"9":{"start":{"line":31,"column":12},"end":{"line":31,"column":37}},"10":{"start":{"line":32,"column":12},"end":{"line":32,"column":24}},"11":{"start":{"line":37,"column":19},"end":{"line":99,"column":6}},"12":{"start":{"line":39,"column":25},"end":{"line":39,"column":83}},"13":{"start":{"line":40,"column":6},"end":{"line":42,"column":7}},"14":{"start":{"line":41,"column":8},"end":{"line":41,"column":88}},"15":{"start":{"line":44,"column":19},"end":{"line":44,"column":65}},"16":{"start":{"line":45,"column":6},"end":{"line":47,"column":7}},"17":{"start":{"line":46,"column":8},"end":{"line":46,"column":76}},"18":{"start":{"line":51,"column":6},"end":{"line":60,"column":7}},"19":{"start":{"line":52,"column":8},"end":{"line":57,"column":10}},"20":{"start":{"line":59,"column":8},"end":{"line":59,"column":53}},"21":{"start":{"line":63,"column":28},"end":{"line":63,"column":70}},"22":{"start":{"line":64,"column":22},"end":{"line":64,"column":58}},"23":{"start":{"line":66,"column":6},"end":{"line":77,"column":9}},"24":{"start":{"line":79,"column":6},"end":{"line":87,"column":9}},"25":{"start":{"line":90,"column":6},"end":{"line":98,"column":8}},"26":{"start":{"line":101,"column":4},"end":{"line":101,"column":18}},"27":{"start":{"line":25,"column":13},"end":{"line":25,"column":39}},"28":{"start":{"line":25,"column":13},"end":{"line":103,"column":null}}},"fnMap":{"0":{"name":"(anonymous_4)","decl":{"start":{"line":26,"column":2},"end":{"line":26,"column":null}},"loc":{"start":{"line":32,"column":34},"end":{"line":33,"column":6}}},"1":{"name":"(anonymous_5)","decl":{"start":{"line":35,"column":2},"end":{"line":35,"column":7}},"loc":{"start":{"line":35,"column":43},"end":{"line":102,"column":3}}},"2":{"name":"(anonymous_6)","decl":{"start":{"line":37,"column":49},"end":{"line":37,"column":54}},"loc":{"start":{"line":37,"column":82},"end":{"line":99,"column":5}}}},"branchMap":{"0":{"loc":{"start":{"line":40,"column":6},"end":{"line":42,"column":7}},"type":"if","locations":[{"start":{"line":40,"column":6},"end":{"line":42,"column":7}}]},"1":{"loc":{"start":{"line":45,"column":6},"end":{"line":47,"column":7}},"type":"if","locations":[{"start":{"line":45,"column":6},"end":{"line":47,"column":7}}]},"2":{"loc":{"start":{"line":92,"column":19},"end":{"line":94,"column":36}},"type":"cond-expr","locations":[{"start":{"line":93,"column":14},"end":{"line":93,"column":87}},{"start":{"line":94,"column":14},"end":{"line":94,"column":36}}]}},"s":{"0":0,"1":0,"2":0,"3":0,"4":0,"5":0,"6":0,"7":0,"8":0,"9":0,"10":0,"11":0,"12":0,"13":0,"14":0,"15":0,"16":0,"17":0,"18":0,"19":0,"20":0,"21":0,"22":0,"23":0,"24":0,"25":0,"26":0,"27":0,"28":0},"f":{"0":0,"1":0,"2":0},"b":{"0":[0],"1":[0],"2":[0,0]}}
,"/mnt/c/Users/Lilyan/Documents/gitHub/EcoTroc/backend/src/modules/collection/domain/entities/collection.entity.ts": {"path":"/mnt/c/Users/Lilyan/Documents/gitHub/EcoTroc/backend/src/modules/collection/domain/entities/collection.entity.ts","statementMap":{"0":{"start":{"line":1,"column":0},"end":{"line":1,"column":65}},"1":{"start":{"line":2,"column":0},"end":{"line":2,"column":52}},"2":{"start":{"line":3,"column":0},"end":{"line":3,"column":56}},"3":{"start":{"line":4,"column":0},"end":{"line":4,"column":36}},"4":{"start":{"line":5,"column":0},"end":{"line":5,"column":66}},"5":{"start":{"line":6,"column":0},"end":{"line":6,"column":70}},"6":{"start":{"line":8,"column":0},"end":{"line":8,"column":null}},"7":{"start":{"line":9,"column":2},"end":{"line":9,"column":null}},"8":{"start":{"line":10,"column":2},"end":{"line":10,"column":null}},"9":{"start":{"line":11,"column":2},"end":{"line":11,"column":null}},"10":{"start":{"line":24,"column":4},"end":{"line":24,"column":12}},"11":{"start":{"line":17,"column":20},"end":{"line":17,"column":40}},"12":{"start":{"line":18,"column":20},"end":{"line":18,"column":34}},"13":{"start":{"line":19,"column":20},"end":{"line":19,"column":38}},"14":{"start":{"line":20,"column":20},"end":{"line":20,"column":40}},"15":{"start":{"line":21,"column":20},"end":{"line":21,"column":36}},"16":{"start":{"line":22,"column":20},"end":{"line":22,"column":34}},"17":{"start":{"line":15,"column":0},"end":{"line":15,"column":13}},"18":{"start":{"line":34,"column":4},"end":{"line":34,"column":12}},"19":{"start":{"line":30,"column":20},"end":{"line":30,"column":40}},"20":{"start":{"line":31,"column":20},"end":{"line":31,"column":34}},"21":{"start":{"line":32,"column":20},"end":{"line":32,"column":34}},"22":{"start":{"line":28,"column":0},"end":{"line":28,"column":13}},"23":{"start":{"line":44,"column":4},"end":{"line":44,"column":12}},"24":{"start":{"line":40,"column":20},"end":{"line":40,"column":40}},"25":{"start":{"line":41,"column":20},"end":{"line":41,"column":34}},"26":{"start":{"line":42,"column":20},"end":{"line":42,"column":35}},"27":{"start":{"line":38,"column":0},"end":{"line":38,"column":13}},"28":{"start":{"line":50,"column":38},"end":{"line":50,"column":62}},"29":{"start":{"line":64,"column":4},"end":{"line":64,"column":12}},"30":{"start":{"line":56,"column":21},"end":{"line":56,"column":32}},"31":{"start":{"line":57,"column":21},"end":{"line":57,"column":40}},"32":{"start":{"line":58,"column":21},"end":{"line":58,"column":36}},"33":{"start":{"line":59,"column":21},"end":{"line":59,"column":48}},"34":{"start":{"line":60,"column":21},"end":{"line":60,"column":40}},"35":{"start":{"line":61,"column":21},"end":{"line":61,"column":37}},"36":{"start":{"line":65,"column":4},"end":{"line":65,"column":42}},"37":{"start":{"line":66,"column":4},"end":{"line":66,"column":36}},"38":{"start":{"line":76,"column":15},"end":{"line":76,"column":23}},"39":{"start":{"line":77,"column":25},"end":{"line":77,"column":63}},"40":{"start":{"line":78,"column":21},"end":{"line":78,"column":53}},"41":{"start":{"line":80,"column":23},"end":{"line":87,"column":null}},"42":{"start":{"line":91,"column":4},"end":{"line":100,"column":6}},"43":{"start":{"line":102,"column":4},"end":{"line":102,"column":22}},"44":{"start":{"line":117,"column":23},"end":{"line":124,"column":null}},"45":{"start":{"line":127,"column":4},"end":{"line":127,"column":39}},"46":{"start":{"line":128,"column":4},"end":{"line":128,"column":49}},"47":{"start":{"line":129,"column":4},"end":{"line":129,"column":54}},"48":{"start":{"line":131,"column":4},"end":{"line":131,"column":22}},"49":{"start":{"line":135,"column":26},"end":{"line":135,"column":63}},"50":{"start":{"line":136,"column":24},"end":{"line":136,"column":62}},"51":{"start":{"line":137,"column":4},"end":{"line":137,"column":38}},"52":{"start":{"line":141,"column":4},"end":{"line":143,"column":5}},"53":{"start":{"line":142,"column":6},"end":{"line":142,"column":65}},"54":{"start":{"line":145,"column":4},"end":{"line":147,"column":5}},"55":{"start":{"line":146,"column":6},"end":{"line":146,"column":66}},"56":{"start":{"line":149,"column":4},"end":{"line":149,"column":45}},"57":{"start":{"line":150,"column":4},"end":{"line":150,"column":35}},"58":{"start":{"line":153,"column":4},"end":{"line":159,"column":6}},"59":{"start":{"line":163,"column":4},"end":{"line":165,"column":5}},"60":{"start":{"line":164,"column":6},"end":{"line":164,"column":65}},"61":{"start":{"line":167,"column":4},"end":{"line":169,"column":5}},"62":{"start":{"line":168,"column":6},"end":{"line":168,"column":66}},"63":{"start":{"line":171,"column":4},"end":{"line":171,"column":45}},"64":{"start":{"line":172,"column":4},"end":{"line":172,"column":35}},"65":{"start":{"line":175,"column":4},"end":{"line":177,"column":6}},"66":{"start":{"line":181,"column":4},"end":{"line":181,"column":20}},"67":{"start":{"line":185,"column":4},"end":{"line":185,"column":28}},"68":{"start":{"line":189,"column":4},"end":{"line":189,"column":24}},"69":{"start":{"line":193,"column":4},"end":{"line":193,"column":41}},"70":{"start":{"line":197,"column":4},"end":{"line":197,"column":37}},"71":{"start":{"line":201,"column":4},"end":{"line":201,"column":35}},"72":{"start":{"line":205,"column":4},"end":{"line":205,"column":27}},"73":{"start":{"line":209,"column":4},"end":{"line":209,"column":24}},"74":{"start":{"line":213,"column":4},"end":{"line":213,"column":29}},"75":{"start":{"line":217,"column":4},"end":{"line":217,"column":29}},"76":{"start":{"line":221,"column":4},"end":{"line":221,"column":53}},"77":{"start":{"line":225,"column":4},"end":{"line":225,"column":54}},"78":{"start":{"line":229,"column":4},"end":{"line":240,"column":6}},"79":{"start":{"line":49,"column":0},"end":{"line":49,"column":13}}},"fnMap":{"0":{"name":"(anonymous_0)","decl":{"start":{"line":8,"column":0},"end":{"line":8,"column":12}},"loc":{"start":{"line":8,"column":28},"end":{"line":12,"column":1}}},"1":{"name":"(anonymous_1)","decl":{"start":{"line":16,"column":2},"end":{"line":16,"column":null}},"loc":{"start":{"line":22,"column":34},"end":{"line":25,"column":3}}},"2":{"name":"(anonymous_2)","decl":{"start":{"line":29,"column":2},"end":{"line":29,"column":null}},"loc":{"start":{"line":32,"column":34},"end":{"line":35,"column":3}}},"3":{"name":"(anonymous_3)","decl":{"start":{"line":39,"column":2},"end":{"line":39,"column":null}},"loc":{"start":{"line":42,"column":35},"end":{"line":45,"column":3}}},"4":{"name":"(anonymous_4)","decl":{"start":{"line":55,"column":2},"end":{"line":55,"column":null}},"loc":{"start":{"line":62,"column":24},"end":{"line":67,"column":3}}},"5":{"name":"(anonymous_5)","decl":{"start":{"line":69,"column":2},"end":{"line":69,"column":8}},"loc":{"start":{"line":75,"column":3},"end":{"line":103,"column":3}}},"6":{"name":"(anonymous_6)","decl":{"start":{"line":105,"column":2},"end":{"line":105,"column":8}},"loc":{"start":{"line":116,"column":3},"end":{"line":132,"column":3}}},"7":{"name":"(anonymous_7)","decl":{"start":{"line":134,"column":10},"end":{"line":134,"column":25}},"loc":{"start":{"line":134,"column":25},"end":{"line":138,"column":3}}},"8":{"name":"(anonymous_8)","decl":{"start":{"line":140,"column":2},"end":{"line":140,"column":10}},"loc":{"start":{"line":140,"column":25},"end":{"line":160,"column":3}}},"9":{"name":"(anonymous_9)","decl":{"start":{"line":162,"column":2},"end":{"line":162,"column":10}},"loc":{"start":{"line":162,"column":42},"end":{"line":178,"column":3}}},"10":{"name":"(anonymous_10)","decl":{"start":{"line":180,"column":2},"end":{"line":180,"column":6}},"loc":{"start":{"line":180,"column":8},"end":{"line":182,"column":3}}},"11":{"name":"(anonymous_11)","decl":{"start":{"line":184,"column":2},"end":{"line":184,"column":6}},"loc":{"start":{"line":184,"column":16},"end":{"line":186,"column":3}}},"12":{"name":"(anonymous_12)","decl":{"start":{"line":188,"column":2},"end":{"line":188,"column":6}},"loc":{"start":{"line":188,"column":12},"end":{"line":190,"column":3}}},"13":{"name":"(anonymous_13)","decl":{"start":{"line":192,"column":2},"end":{"line":192,"column":6}},"loc":{"start":{"line":192,"column":18},"end":{"line":194,"column":3}}},"14":{"name":"(anonymous_14)","decl":{"start":{"line":196,"column":2},"end":{"line":196,"column":6}},"loc":{"start":{"line":196,"column":14},"end":{"line":198,"column":3}}},"15":{"name":"(anonymous_15)","decl":{"start":{"line":200,"column":2},"end":{"line":200,"column":6}},"loc":{"start":{"line":200,"column":12},"end":{"line":202,"column":3}}},"16":{"name":"(anonymous_16)","decl":{"start":{"line":204,"column":2},"end":{"line":204,"column":6}},"loc":{"start":{"line":204,"column":15},"end":{"line":206,"column":3}}},"17":{"name":"(anonymous_17)","decl":{"start":{"line":208,"column":2},"end":{"line":208,"column":6}},"loc":{"start":{"line":208,"column":12},"end":{"line":210,"column":3}}},"18":{"name":"(anonymous_18)","decl":{"start":{"line":212,"column":2},"end":{"line":212,"column":6}},"loc":{"start":{"line":212,"column":17},"end":{"line":214,"column":3}}},"19":{"name":"(anonymous_19)","decl":{"start":{"line":216,"column":2},"end":{"line":216,"column":6}},"loc":{"start":{"line":216,"column":17},"end":{"line":218,"column":3}}},"20":{"name":"(anonymous_20)","decl":{"start":{"line":220,"column":2},"end":{"line":220,"column":11}},"loc":{"start":{"line":220,"column":11},"end":{"line":222,"column":3}}},"21":{"name":"(anonymous_21)","decl":{"start":{"line":224,"column":2},"end":{"line":224,"column":12}},"loc":{"start":{"line":224,"column":12},"end":{"line":226,"column":3}}},"22":{"name":"(anonymous_22)","decl":{"start":{"line":228,"column":2},"end":{"line":228,"column":8}},"loc":{"start":{"line":228,"column":8},"end":{"line":241,"column":3}}}},"branchMap":{"0":{"loc":{
[...]
,"/mnt/c/Users/Lilyan/Documents/gitHub/EcoTroc/backend/src/modules/user/infrastructure/orm/user.orm-entity.ts": {"path":"/mnt/c/Users/Lilyan/Documents/gitHub/EcoTroc/backend/src/modules/user/infrastructure/orm/user.orm-entity.ts","statementMap":{"0":{"start":{"line":1,"column":0},"end":{"line":1,"column":65}},"1":{"start":{"line":2,"column":0},"end":{"line":2,"column":70}},"2":{"start":{"line":5,"column":7},"end":{"line":13,"column":null}},"3":{"start":{"line":5,"column":13},"end":{"line":5,"column":26}},"4":{"start":{"line":6,"column":34},"end":{"line":6,"column":null}},"5":{"start":{"line":7,"column":12},"end":{"line":7,"column":null}},"6":{"start":{"line":8,"column":28},"end":{"line":8,"column":null}},"7":{"start":{"line":9,"column":12},"end":{"line":9,"column":null}},"8":{"start":{"line":10,"column":49},"end":{"line":10,"column":null}},"9":{"start":{"line":11,"column":30},"end":{"line":11,"column":null}},"10":{"start":{"line":12,"column":26},"end":{"line":12,"column":null}},"11":{"start":{"line":5,"column":13},"end":{"line":13,"column":null}}},"fnMap":{},"branchMap":{},"s":{"0":0,"1":0,"2":0,"3":0,"4":0,"5":0,"6":0,"7":0,"8":0,"9":0,"10":0,"11":0},"f":{},"b":{}}
,"/mnt/c/Users/Lilyan/Documents/gitHub/EcoTroc/backend/src/modules/user/infrastructure/repositories/user.repository.ts": {"path":"/mnt/c/Users/Lilyan/Documents/gitHub/EcoTroc/backend/src/modules/user/infrastructure/repositories/user.repository.ts","statementMap":{"0":{"start":{"line":1,"column":0},"end":{"line":1,"column":44}},"1":{"start":{"line":2,"column":0},"end":{"line":2,"column":51}},"2":{"start":{"line":3,"column":0},"end":{"line":3,"column":37}},"3":{"start":{"line":4,"column":0},"end":{"line":4,"column":55}},"4":{"start":{"line":6,"column":0},"end":{"line":6,"column":57}},"5":{"start":{"line":10,"column":7},"end":{"line":69,"column":null}},"6":{"start":{"line":13,"column":21},"end":{"line":13,"column":27}},"7":{"start":{"line":17,"column":4},"end":{"line":25,"column":7}},"8":{"start":{"line":29,"column":4},"end":{"line":37,"column":6}},"9":{"start":{"line":41,"column":14},"end":{"line":41,"column":50}},"10":{"start":{"line":42,"column":4},"end":{"line":42,"column":39}},"11":{"start":{"line":46,"column":14},"end":{"line":46,"column":47}},"12":{"start":{"line":47,"column":4},"end":{"line":47,"column":39}},"13":{"start":{"line":51,"column":22},"end":{"line":51,"column":56}},"14":{"start":{"line":52,"column":18},"end":{"line":52,"column":49}},"15":{"start":{"line":53,"column":4},"end":{"line":53,"column":32}},"16":{"start":{"line":57,"column":4},"end":{"line":57,"column":43}},"17":{"start":{"line":61,"column":21},"end":{"line":61,"column":43}},"18":{"start":{"line":62,"column":4},"end":{"line":62,"column":47}},"19":{"start":{"line":62,"column":29},"end":{"line":62,"column":45}},"20":{"start":{"line":66,"column":21},"end":{"line":66,"column":62}},"21":{"start":{"line":67,"column":4},"end":{"line":67,"column":47}},"22":{"start":{"line":67,"column":29},"end":{"line":67,"column":45}},"23":{"start":{"line":10,"column":13},"end":{"line":10,"column":27}},"24":{"start":{"line":10,"column":13},"end":{"line":69,"column":null}}},"fnMap":{"0":{"name":"(anonymous_4)","decl":{"start":{"line":11,"column":2},"end":{"line":11,"column":null}},"loc":{"start":{"line":13,"column":52},"end":{"line":14,"column":6}}},"1":{"name":"(anonymous_5)","decl":{"start":{"line":16,"column":10},"end":{"line":16,"column":18}},"loc":{"start":{"line":16,"column":35},"end":{"line":26,"column":3}}},"2":{"name":"(anonymous_6)","decl":{"start":{"line":28,"column":10},"end":{"line":28,"column":15}},"loc":{"start":{"line":28,"column":26},"end":{"line":38,"column":3}}},"3":{"name":"(anonymous_7)","decl":{"start":{"line":40,"column":2},"end":{"line":40,"column":7}},"loc":{"start":{"line":40,"column":33},"end":{"line":43,"column":3}}},"4":{"name":"(anonymous_8)","decl":{"start":{"line":45,"column":2},"end":{"line":45,"column":7}},"loc":{"start":{"line":45,"column":27},"end":{"line":48,"column":3}}},"5":{"name":"(anonymous_9)","decl":{"start":{"line":50,"column":2},"end":{"line":50,"column":7}},"loc":{"start":{"line":50,"column":25},"end":{"line":54,"column":3}}},"6":{"name":"(anonymous_10)","decl":{"start":{"line":56,"column":2},"end":{"line":56,"column":7}},"loc":{"start":{"line":56,"column":23},"end":{"line":58,"column":3}}},"7":{"name":"(anonymous_11)","decl":{"start":{"line":60,"column":2},"end":{"line":60,"column":7}},"loc":{"start":{"line":60,"column":15},"end":{"line":63,"column":3}}},"8":{"name":"(anonymous_12)","decl":{"start":{"line":62,"column":24},"end":{"line":62,"column":25}},"loc":{"start":{"line":62,"column":29},"end":{"line":62,"column":45}}},"9":{"name":"(anonymous_13)","decl":{"start":{"line":65,"column":2},"end":{"line":65,"column":7}},"loc":{"start":{"line":65,"column":38},"end":{"line":68,"column":3}}},"10":{"name":"(anonymous_14)","decl":{"start":{"line":67,"column":24},"end":{"line":67,"column":25}},"loc":{"start":{"line":67,"column":29},"end":{"line":67,"column":45}}}},"branchMap":{"0":{"loc":{"start":{"line":24,"column":21},"end":{"line":24,"column":41}},"type":"binary-expr","locations":[{"start":{"line":24,"column":21},"end":{"line":24,"column":36}},{"start":{"line":24,"column":40},"end":{"line":24,"column":41}}]},"1":{"loc":{"start":{"line":42,"column":11},"end":{"line":42,"column":38}},"type":"cond-expr","locations":[{"start":{"line":42,"column":15},"end":{"line":42,"column":31}},{"start":{"line":42,"column":34},"end":{"line":42,"column":38}}]},"2":{"loc":{"start":{"line":47,"column":11},"end":{"line":47,"column":38}},"type":"cond-expr","locations":[{"start":{"line":47,"column":15},"end":{"line":47,"column":31}},{"start":{"line":47,"column":34},"end":{"line":47,"column":38}}]}},"s":{"0":0,"1":0,"2":0,"3":0,"4":0,"5":0,"6":0,"7":0,"8":0,"9":0,"10":0,"11":0,"12":0,"13":0,"14":0,"15":0,"16":0,"17":0,"18":0,"19":0,"20":0,"21":0,"22":0,"23":0,"24":0},"f":{"0":0,"1":0,"2":0,"3":0,"4":0,"5":0,"6":0,"7":0,"8":0,"9":0,"10":0},"b":{"0":[0,0],"1":[0,0],"2":[0,0]}}
,"/mnt/c/Users/Lilyan/Documents/gitHub/EcoTroc/backend/src/modules/user/interface/controllers/user.controller.ts": {"path":"/mnt/c/Users/Lilyan/Documents/gitHub/EcoTroc/backend/src/modules/user/interface/controllers/user.controller.ts","statementMap":{"0":{"start":{"line":1,"column":0},"end":{"line":1,"column":110}},"1":{"start":{"line":2,"column":0},"end":{"line":2,"column":74}},"2":{"start":{"line":3,"column":0},"end":{"line":3,"column":89}},"3":{"start":{"line":4,"column":0},"end":{"line":4,"column":81}},"4":{"start":{"line":5,"column":0},"end":{"line":5,"column":106}},"5":{"start":{"line":6,"column":0},"end":{"line":6,"column":70}},"6":{"start":{"line":7,"column":0},"end":{"line":7,"column":59}},"7":{"start":{"line":8,"column":0},"end":{"line":8,"column":62}},"8":{"start":{"line":9,"column":0},"end":{"line":9,"column":70}},"9":{"start":{"line":12,"column":7},"end":{"line":51,"column":null}},"10":{"start":{"line":14,"column":21},"end":{"line":14,"column":42}},"11":{"start":{"line":15,"column":21},"end":{"line":15,"column":38}},"12":{"start":{"line":16,"column":21},"end":{"line":16,"column":42}},"13":{"start":{"line":22,"column":17},"end":{"line":22,"column":60}},"14":{"start":{"line":23,"column":4},"end":{"line":23,"column":25}},"15":{"start":{"line":30,"column":18},"end":{"line":30,"column":54}},"16":{"start":{"line":33,"column":4},"end":{"line":37,"column":5}},"17":{"start":{"line":34,"column":6},"end":{"line":36,"column":30}},"18":{"start":{"line":35,"column":21},"end":{"line":35,"column":36}},"19":{"start":{"line":36,"column":18},"end":{"line":36,"column":28}},"20":{"start":{"line":39,"column":4},"end":{"line":39,"column":38}},"21":{"start":{"line":39,"column":26},"end":{"line":39,"column":36}},"22":{"start":{"line":46,"column":4},"end":{"line":49,"column":7}},"23":{"start":{"line":12,"column":13},"end":{"line":12,"column":27}},"24":{"start":{"line":21,"column":8},"end":{"line":24,"column":null}},"25":{"start":{"line":29,"column":8},"end":{"line":40,"column":null}},"26":{"start":{"line":45,"column":8},"end":{"line":50,"column":null}},"27":{"start":{"line":12,"column":13},"end":{"line":51,"column":null}}},"fnMap":{"0":{"name":"(anonymous_4)","decl":{"start":{"line":13,"column":2},"end":{"line":13,"column":null}},"loc":{"start":{"line":16,"column":61},"end":{"line":17,"column":6}}},"1":{"name":"(anonymous_5)","decl":{"start":{"line":21,"column":2},"end":{"line":21,"column":7}},"loc":{"start":{"line":21,"column":45},"end":{"line":24,"column":3}}},"2":{"name":"(anonymous_6)","decl":{"start":{"line":29,"column":2},"end":{"line":29,"column":7}},"loc":{"start":{"line":29,"column":45},"end":{"line":40,"column":3}}},"3":{"name":"(anonymous_7)","decl":{"start":{"line":35,"column":16},"end":{"line":35,"column":17}},"loc":{"start":{"line":35,"column":21},"end":{"line":35,"column":36}}},"4":{"name":"(anonymous_8)","decl":{"start":{"line":36,"column":13},"end":{"line":36,"column":14}},"loc":{"start":{"line":36,"column":18},"end":{"line":36,"column":28}}},"5":{"name":"(anonymous_9)","decl":{"start":{"line":39,"column":21},"end":{"line":39,"column":22}},"loc":{"start":{"line":39,"column":26},"end":{"line":39,"column":36}}},"6":{"name":"(anonymous_10)","decl":{"start":{"line":45,"column":2},"end":{"line":45,"column":7}},"loc":{"start":{"line":45,"column":81},"end":{"line":50,"column":3}}}},"branchMap":{"0":{"loc":{"start":{"line":33,"column":4},"end":{"line":37,"column":5}},"type":"if","locations":[{"start":{"line":33,"column":4},"end":{"line":37,"column":5}}]}},"s":{"0":0,"1":0,"2":0,"3":0,"4":0,"5":0,"6":0,"7":0,"8":0,"9":0,"10":0,"11":0,"12":0,"13":0,"14":0,"15":0,"16":0,"17":0,"18":0,"19":0,"20":0,"21":0,"22":0,"23":0,"24":0,"25":0,"26":0,"27":0},"f":{"0":0,"1":0,"2":0,"3":0,"4":0,"5":0,"6":0},"b":{"0":[0]}}
,"/mnt/c/Users/Lilyan/Documents/gitHub/EcoTroc/backend/src/shared/domain/aggregate-root.base.ts": {"path":"/mnt/c/Users/Lilyan/Documents/gitHub/EcoTroc/backend/src/shared/domain/aggregate-root.base.ts","statementMap":{"0":{"start":{"line":4,"column":41},"end":{"line":4,"column":43}},"1":{"start":{"line":7,"column":4},"end":{"line":7,"column":35}},"2":{"start":{"line":11,"column":4},"end":{"line":11,"column":38}},"3":{"start":{"line":15,"column":4},"end":{"line":15,"column":28}},"4":{"start":{"line":19,"column":4},"end":{"line":19,"column":41}},"5":{"start":{"line":3,"column":0},"end":{"line":3,"column":22}}},"fnMap":{"0":{"name":"(anonymous_0)","decl":{"start":{"line":6,"column":12},"end":{"line":6,"column":26}},"loc":{"start":{"line":6,"column":45},"end":{"line":8,"column":3}}},"1":{"name":"(anonymous_1)","decl":{"start":{"line":10,"column":9},"end":{"line":10,"column":24}},"loc":{"start":{"line":10,"column":24},"end":{"line":12,"column":3}}},"2":{"name":"(anonymous_2)","decl":{"start":{"line":14,"column":9},"end":{"line":14,"column":26}},"loc":{"start":{"line":14,"column":26},"end":{"line":16,"column":3}}},"3":{"name":"(anonymous_3)","decl":{"start":{"line":18,"column":9},"end":{"line":18,"column":24}},"loc":{"start":{"line":18,"column":24},"end":{"line":20,"column":3}}}},"branchMap":{},"s":{"0":26,"1":35,"2":4,"3":4,"4":0,"5":1},"f":{"0":35,"1":4,"2":4,"3":0},"b":{}}
,"/mnt/c/Users/Lilyan/Documents/gitHub/EcoTroc/backend/src/shared/domain/domain-event-publisher.ts": {"path":"/mnt/c/Users/Lilyan/Documents/gitHub/EcoTroc/backend/src/shared/domain/domain-event-publisher.ts","statementMap":{"0":{"start":{"line":1,"column":0},"end":{"line":1,"column":44}},"1":{"start":{"line":9,"column":7},"end":{"line":41,"column":null}},"2":{"start":{"line":10,"column":62},"end":{"line":10,"column":71}},"3":{"start":{"line":16,"column":4},"end":{"line":18,"column":5}},"4":{"start":{"line":17,"column":6},"end":{"line":17,"column":39}},"5":{"start":{"line":19,"column":4},"end":{"line":19,"column":48}},"6":{"start":{"line":23,"column":4},"end":{"line":39,"column":5}},"7":{"start":{"line":24,"column":24},"end":{"line":24,"column":44}},"8":{"start":{"line":25,"column":23},"end":{"line":25,"column":57}},"9":{"start":{"line":27,"column":6},"end":{"line":38,"column":7}},"10":{"start":{"line":28,"column":8},"end":{"line":37,"column":9}},"11":{"start":{"line":29,"column":10},"end":{"line":29,"column":38}},"12":{"start":{"line":31,"column":10},"end":{"line":34,"column":12}},"13":{"start":{"line":9,"column":13},"end":{"line":9,"column":33}},"14":{"start":{"line":9,"column":13},"end":{"line":41,"column":null}}},"fnMap":{"0":{"name":"(anonymous_1)","decl":{"start":{"line":12,"column":2},"end":{"line":12,"column":10}},"loc":{"start":{"line":14,"column":35},"end":{"line":20,"column":3}}},"1":{"name":"(anonymous_2)","decl":{"start":{"line":22,"column":2},"end":{"line":22,"column":7}},"loc":{"start":{"line":22,"column":37},"end":{"line":40,"column":3}}}},"branchMap":{"0":{"loc":{"start":{"line":16,"column":4},"end":{"line":18,"column":5}},"type":"if","locations":[{"start":{"line":16,"column":4},"end":{"line":18,"column":5}}]},"1":{"loc":{"start":{"line":25,"column":23},"end":{"line":25,"column":57}},"type":"binary-expr","locations":[{"start":{"line":25,"column":23},"end":{"line":25,"column":51}},{"start":{"line":25,"column":55},"end":{"line":25,"column":57}}]}},"s":{"0":0,"1":0,"2":0,"3":0,"4":0,"5":0,"6":0,"7":0,"8":0,"9":0,"10":0,"11":0,"12":0,"13":0,"14":0},"f":{"0":0,"1":0},"b":{"0":[0],"1":[0,0]}}
,"/mnt/c/Users/Lilyan/Documents/gitHub/EcoTroc/backend/src/shared/domain/domain-event.base.ts": {"path":"/mnt/c/Users/Lilyan/Documents/gitHub/EcoTroc/backend/src/shared/domain/domain-event.base.ts","statementMap":{"0":{"start":{"line":6,"column":4},"end":{"line":6,"column":33}},"1":{"start":{"line":7,"column":4},"end":{"line":7,"column":42}},"2":{"start":{"line":11,"column":4},"end":{"line":11,"column":70}},"3":{"start":{"line":15,"column":4},"end":{"line":15,"column":33}},"4":{"start":{"line":1,"column":0},"end":{"line":1,"column":22}}},"fnMap":{"0":{"name":"(anonymous_0)","decl":{"start":{"line":5,"column":2},"end":{"line":5,"column":null}},"loc":{"start":{"line":5,"column":2},"end":{"line":8,"column":3}}},"1":{"name":"(anonymous_1)","decl":{"start":{"line":10,"column":10},"end":{"line":10,"column":25}},"loc":{"start":{"line":10,"column":25},"end":{"line":12,"column":3}}},"2":{"name":"(anonymous_2)","decl":{"start":{"line":14,"column":2},"end":{"line":14,"column":14}},"loc":{"start":{"line":14,"column":14},"end":{"line":16,"column":3}}}},"branchMap":{},"s":{"0":35,"1":35,"2":35,"3":0,"4":1},"f":{"0":35,"1":35,"2":0},"b":{}}
,"/mnt/c/Users/Lilyan/Documents/gitHub/EcoTroc/backend/src/shared/domain/role-reference.enum.ts": {"path":"/mnt/c/Users/Lilyan/Documents/gitHub/EcoTroc/backend/src/shared/domain/role-reference.enum.ts","statementMap":{"0":{"start":{"line":1,"column":0},"end":{"line":1,"column":null}},"1":{"start":{"line":2,"column":2},"end":{"line":2,"column":null}},"2":{"start":{"line":3,"column":2},"end":{"line":3,"column":null}}},"fnMap":{"0":{"name":"(anonymous_0)","decl":{"start":{"line":1,"column":0},"end":{"line":1,"column":12}},"loc":{"start":{"line":1,"column":25},"end":{"line":4,"column":1}}}},"branchMap":{"0":{"loc":{"start":{"line":1,"column":12},"end":{"line":1,"column":null}},"type":"binary-expr","locations":[{"start":{"line":1,"column":12},"end":{"line":1,"column":25}},{"start":{"line":1,"column":25},"end":{"line":1,"column":null}}]}},"s":{"0":1,"1":1,"2":1},"f":{"0":1},"b":{"0":[1,1]}}
,"/mnt/c/Users/Lilyan/Documents/gitHub/EcoTroc/backend/src/shared/infrastructure/unit-of-work.ts": {"path":"/mnt/c/Users/Lilyan/Documents/gitHub/EcoTroc/backend/src/shared/infrastructure/unit-of-work.ts","statementMap":{"0":{"start":{"line":1,"column":0},"end":{"line":1,"column":44}},"1":{"start":{"line":2,"column":0},"end":{"line":2,"column":52}},"2":{"start":{"line":3,"column":0},"end":{"line":3,"column":72}},"3":{"start":{"line":11,"column":7},"end":{"line":61,"column":null}},"4":{"start":{"line":13,"column":21},"end":{"line":13,"column":33}},"5":{"start":{"line":14,"column":21},"end":{"line":14,"column":37}},"6":{"start":{"line":27,"column":24},"end":{"line":27,"column":59}},"7":{"start":{"line":29,"column":4},"end":{"line":29,"column":32}},"8":{"start":{"line":30,"column":4},"end":{"line":30,"column":41}},"9":{"start":{"line":32,"column":4},"end":{"line":59,"column":5}},"10":{"start":{"line":34,"column":37},"end":{"line":34,"column":68}},"11":{"start":{"line":37,"column":6},"end":{"line":37,"column":44}},"12":{"start":{"line":40,"column":24},"end":{"line":41,"column":null}},"13":{"start":{"line":41,"column":8},"end":{"line":41,"column":35}},"14":{"start":{"line":44,"column":6},"end":{"line":49,"column":7}},"15":{"start":{"line":45,"column":8},"end":{"line":45,"column":53}},"16":{"start":{"line":48,"column":8},"end":{"line":48,"column":73}},"17":{"start":{"line":48,"column":42},"end":{"line":48,"column":71}},"18":{"start":{"line":51,"column":6},"end":{"line":51,"column":20}},"19":{"start":{"line":54,"column":6},"end":{"line":54,"column":46}},"20":{"start":{"line":55,"column":6},"end":{"line":55,"column":18}},"21":{"start":{"line":58,"column":6},"end":{"line":58,"column":34}},"22":{"start":{"line":11,"column":13},"end":{"line":11,"column":23}},"23":{"start":{"line":11,"column":13},"end":{"line":61,"column":null}}},"fnMap":{"0":{"name":"(anonymous_2)","decl":{"start":{"line":12,"column":2},"end":{"line":12,"column":null}},"loc":{"start":{"line":14,"column":57},"end":{"line":15,"column":6}}},"1":{"name":"(anonymous_3)","decl":{"start":{"line":21,"column":2},"end":{"line":21,"column":7}},"loc":{"start":{"line":25,"column":6},"end":{"line":60,"column":3}}},"2":{"name":"(anonymous_4)","decl":{"start":{"line":40,"column":43},"end":{"line":40,"column":44}},"loc":{"start":{"line":41,"column":8},"end":{"line":41,"column":35}}},"3":{"name":"(anonymous_5)","decl":{"start":{"line":48,"column":27},"end":{"line":48,"column":28}},"loc":{"start":{"line":48,"column":42},"end":{"line":48,"column":71}}}},"branchMap":{"0":{"loc":{"start":{"line":44,"column":6},"end":{"line":49,"column":7}},"type":"if","locations":[{"start":{"line":44,"column":6},"end":{"line":49,"column":7}}]}},"s":{"0":0,"1":0,"2":0,"3":0,"4":0,"5":0,"6":0,"7":0,"8":0,"9":0,"10":0,"11":0,"12":0,"13":0,"14":0,"15":0,"16":0,"17":0,"18":0,"19":0,"20":0,"21":0,"22":0,"23":0},"f":{"0":0,"1":0,"2":0,"3":0},"b":{"0":[0]}}
}
